#
# A fatal error has been detected by the Java Runtime Environment:
#
#  SIGSEGV (0xb) at pc=0x00007fff9a54d0dd, pid=2201, tid=1811
#
# JRE version: Java(TM) SE Runtime Environment (8.0_20-b26) (build 1.8.0_20-b26)
# Java VM: Java HotSpot(TM) 64-Bit Server VM (25.20-b23 mixed mode bsd-amd64 compressed oops)
# Problematic frame:
# C  [libobjc.A.dylib+0x10dd]  objc_msgSend+0x1d
#
# Failed to write core dump. Core dumps have been disabled. To enable core dumping, try "ulimit -c unlimited" before starting Java again
#
# If you would like to submit a bug report, please visit:
#   http://bugreport.sun.com/bugreport/crash.jsp
# The crash happened outside the Java Virtual Machine in native code.
# See problematic frame for where to report the bug.
#

---------------  T H R E A D  ---------------

Current thread (0x00007fe265066800):  JavaThread "AppKit Thread" daemon [_thread_in_native, id=1811, stack(0x00007fff5ca8e000,0x00007fff5d28e000)]

siginfo: si_signo: 11 (SIGSEGV), si_code: 1 (SEGV_MAPERR), si_addr: 0x0000000000000018

Registers:
RAX=0x00007fe263c84cd0, RBX=0x00007fff5d289a48, RCX=0x0000000000000000, RDX=0x00007fe2659486d0
RSP=0x00007fff5d289868, RBP=0x00007fff5d289870, RSI=0x00007fff9523141e, RDI=0x00007fe263c84cd0
R8 =0x00007fff5d289850, R9 =0x0000000000000057, R10=0x00007fff9523141e, R11=0x0000000000000000
R12=0x00007fe263e0dd50, R13=0x00000000000f42f1, R14=0x00007fe263d5dbf0, R15=0x00007fff5d2899a8
RIP=0x00007fff9a54d0dd, EFLAGS=0x0000000000010246, ERR=0x0000000000000004
  TRAPNO=0x000000000000000e

Top of Stack: (sp=0x00007fff5d289868)
0x00007fff5d289868:   00007fff9aa8845c 00007fff5d289bd0
0x00007fff5d289878:   00007fff9a978634 00007fff5d2898fc
0x00007fff5d289888:   00007fff5d289900 00007fff5d289904
0x00007fff5d289898:   00007fff7d479e00 ffffffffffffffff
0x00007fff5d2898a8:   0000000000000828 00007fff7d479e18
0x00007fff5d2898b8:   00007fe263d5dbf0 0000000000000000
0x00007fff5d2898c8:   00007fff5d2899a0 0000000000000000
0x00007fff5d2898d8:   00007fe263c89660 00007fff5d289a20
0x00007fff5d2898e8:   0000000000000057 00000000000f42f3
0x00007fff5d2898f8:   00007fe2659486d0 00007fe263c89090
0x00007fff5d289908:   00007fe263e0dd50 0000000000000001
0x00007fff5d289918:   00000000000f42f1 00007fe263e0dd40
0x00007fff5d289928:   00007fff9247ec05 000000017c94f070
0x00007fff5d289938:   00007fff7d2e80d0 0000000042000000
0x00007fff5d289948:   00007fff92485e63 00007fff7d444240
0x00007fff5d289958:   00007fff5d289a28 00007fff5d289980
0x00007fff5d289968:   00007fff5d2899a0 0000000000000000
0x00007fff5d289978:   0000000000000011 0003a9039a56d97a
0x00007fff5d289988:   00007fe263e0dd74 0000000000000000
0x00007fff5d289998:   0000000000000000 00007fe263c896e0
0x00007fff5d2899a8:   00007fe263d5dbf0 0000002000000000
0x00007fff5d2899b8:   0000000000000000 00007fff7d2e80d0
0x00007fff5d2899c8:   0000000042000000 00007fff924854f8
0x00007fff5d2899d8:   00007fff7d444350 00007fff5d289938
0x00007fff5d2899e8:   0000000000000000 00007fff5d289ab8
0x00007fff5d2899f8:   00007fff7db2eea0 00007fff5d289af0
0x00007fff5d289a08:   00007fff8c6cc770 00007fff5d289aa0
0x00007fff5d289a18:   00007fff949654ed 0000000000000053
0x00007fff5d289a28:   0000000000000000 00000000000f42e6
0x00007fff5d289a38:   0000000000000055 0000000000000000
0x00007fff5d289a48:   00000000000f42f1 00007fff5d289ac4
0x00007fff5d289a58:   00000000003e9b01 00000000ffffffff 

Instructions: (pc=0x00007fff9a54d0dd)
0x00007fff9a54d0bd:   00 00 00 48 85 ff 2e 74 7a 40 f6 c7 01 2e 75 7e
0x00007fff9a54d0cd:   49 bb f8 ff ff ff ff 7f 00 00 4c 23 1f 49 89 f2
0x00007fff9a54d0dd:   45 23 53 18 49 c1 e2 04 4d 03 53 10 49 3b 32 75
0x00007fff9a54d0ed:   04 41 ff 62 08 49 83 3a 00 74 6a 4d 3b 53 10 74 

Register to memory mapping:

RAX=0x00007fe263c84cd0 is an unknown value
RBX=0x00007fff5d289a48 is pointing into the stack for thread: 0x00007fe265066800
RCX=0x0000000000000000 is an unknown value
RDX=0x00007fe2659486d0 is an unknown value
RSP=0x00007fff5d289868 is pointing into the stack for thread: 0x00007fe265066800
RBP=0x00007fff5d289870 is pointing into the stack for thread: 0x00007fe265066800
RSI=0x00007fff9523141e: -[NSTitlebarContainerView transparent]+0x5e312 in /System/Library/Frameworks/AppKit.framework/Versions/C/AppKit at 0x00007fff94830000
RDI=0x00007fe263c84cd0 is an unknown value
R8 =0x00007fff5d289850 is pointing into the stack for thread: 0x00007fe265066800
R9 =0x0000000000000057 is an unknown value
R10=0x00007fff9523141e: -[NSTitlebarContainerView transparent]+0x5e312 in /System/Library/Frameworks/AppKit.framework/Versions/C/AppKit at 0x00007fff94830000
R11=0x0000000000000000 is an unknown value
R12=0x00007fe263e0dd50 is an unknown value
R13=0x00000000000f42f1 is an unknown value
R14=0x00007fe263d5dbf0 is an unknown value
R15=0x00007fff5d2899a8 is pointing into the stack for thread: 0x00007fe265066800


Stack: [0x00007fff5ca8e000,0x00007fff5d28e000],  sp=0x00007fff5d289868,  free space=8174k
Native frames: (J=compiled Java code, j=interpreted, Vv=VM code, C=native code)
C  [libobjc.A.dylib+0x10dd]  objc_msgSend+0x1d
C  [CoreFoundation+0x10634]  _CFXNotificationPost+0xc44
C  [Foundation+0x7aa1]  -[NSNotificationCenter postNotificationName:object:userInfo:]+0x42
C  [AppKit+0x439c2]  -[NSSurface _disposeSurface]+0x98
C  [AppKit+0x43426]  -[NSSurface setWindow:]+0x42
C  [AppKit+0x33910]  -[NSView _setWindow:]+0xa33
C  [AppKit+0x6af91]  -[NSView removeFromSuperview]+0x1c5
C  [AppKit+0x14bd99]  -[NSView removeFromSuperviewWithoutNeedingDisplay]+0x26
C  [liblwjgl.dylib+0xa205]  +[MacOSXKeyableWindow destroyWindow]+0xb5
C  [Foundation+0x92dd0]  __NSThreadPerformPerform+0x125
C  [CoreFoundation+0x80a01]  __CFRUNLOOP_IS_CALLING_OUT_TO_A_SOURCE0_PERFORM_FUNCTION__+0x11
C  [CoreFoundation+0x72b8d]  __CFRunLoopDoSources0+0x10d
C  [CoreFoundation+0x721bf]  __CFRunLoopRun+0x39f
C  [CoreFoundation+0x71bd8]  CFRunLoopRunSpecific+0x128
C  [HIToolbox+0x3256f]  RunCurrentEventLoopInMode+0xeb
C  [HIToolbox+0x321ee]  ReceiveNextEventCommon+0xb3
C  [HIToolbox+0x3212b]  _BlockUntilNextEventMatchingListInModeWithFilter+0x47
C  [AppKit+0x918ab]  _DPSNextEvent+0x3d2
C  [AppKit+0x90e58]  -[NSApplication nextEventMatchingMask:untilDate:inMode:dequeue:]+0x15a
C  [libosxapp.dylib+0x242a]  -[NSApplicationAWT nextEventMatchingMask:untilDate:inMode:dequeue:]+0x7c
C  [AppKit+0x86af3]  -[NSApplication run]+0x252
C  [libosxapp.dylib+0x223e]  +[NSApplicationAWT runAWTLoopWithApp:]+0x9c
C  [libawt_lwawt.dylib+0x4494f]  -[AWTStarter starter:]+0x389
C  [Foundation+0x92dd0]  __NSThreadPerformPerform+0x125
C  [CoreFoundation+0x80a01]  __CFRUNLOOP_IS_CALLING_OUT_TO_A_SOURCE0_PERFORM_FUNCTION__+0x11
C  [CoreFoundation+0x72b8d]  __CFRunLoopDoSources0+0x10d
C  [CoreFoundation+0x721bf]  __CFRunLoopRun+0x39f
C  [CoreFoundation+0x71bd8]  CFRunLoopRunSpecific+0x128
C  [java+0x56cc]  CreateExecutionEnvironment+0x367
C  [java+0x165c]  JLI_Launch+0x7a0
C  [java+0x768a]  main+0x65
C  [java+0xeb4]  start+0x34
C  0x0000000000000006


---------------  P R O C E S S  ---------------

Java Threads: ( => current thread )
  0x00007fe264007000 JavaThread "AWT-Shutdown" [_thread_blocked, id=31251, stack(0x00000001241ad000,0x00000001242ad000)]
=>0x00007fe265066800 JavaThread "AppKit Thread" daemon [_thread_in_native, id=1811, stack(0x00007fff5ca8e000,0x00007fff5d28e000)]
  0x00007fe266011000 JavaThread "Service Thread" daemon [_thread_blocked, id=20739, stack(0x00000001224fb000,0x00000001225fb000)]
  0x00007fe265018800 JavaThread "C1 CompilerThread3" daemon [_thread_blocked, id=20227, stack(0x00000001223f8000,0x00000001224f8000)]
  0x00007fe266000000 JavaThread "C2 CompilerThread2" daemon [_thread_blocked, id=19715, stack(0x00000001222f5000,0x00000001223f5000)]
  0x00007fe265017800 JavaThread "C2 CompilerThread1" daemon [_thread_blocked, id=19203, stack(0x00000001221f2000,0x00000001222f2000)]
  0x00007fe26401a000 JavaThread "C2 CompilerThread0" daemon [_thread_blocked, id=18691, stack(0x00000001220ef000,0x00000001221ef000)]
  0x00007fe264019000 JavaThread "Signal Dispatcher" daemon [_thread_blocked, id=14611, stack(0x0000000121fec000,0x00000001220ec000)]
  0x00007fe265015800 JavaThread "Finalizer" daemon [_thread_blocked, id=13571, stack(0x00000001205cc000,0x00000001206cc000)]
  0x00007fe265015000 JavaThread "Reference Handler" daemon [_thread_blocked, id=13059, stack(0x00000001204c9000,0x00000001205c9000)]
  0x00007fe265001800 JavaThread "main" [_thread_in_native, id=4867, stack(0x0000000102a88000,0x0000000102b88000)]

Other Threads:
  0x00007fe26484e800 VMThread [stack: 0x00000001203c6000,0x00000001204c6000] [id=12547]
  0x00007fe26482c000 WatcherThread [stack: 0x00000001225fe000,0x00000001226fe000] [id=21251]

VM state:not at safepoint (normal execution)

VM Mutex/Monitor currently owned by a thread: None

Heap:
 PSYoungGen      total 76288K, used 11806K [0x000000076ab00000, 0x0000000770000000, 0x00000007c0000000)
  eden space 65536K, 18% used [0x000000076ab00000,0x000000076b687968,0x000000076eb00000)
  from space 10752K, 0% used [0x000000076f580000,0x000000076f580000,0x0000000770000000)
  to   space 10752K, 0% used [0x000000076eb00000,0x000000076eb00000,0x000000076f580000)
 ParOldGen       total 175104K, used 0K [0x00000006c0000000, 0x00000006cab00000, 0x000000076ab00000)
  object space 175104K, 0% used [0x00000006c0000000,0x00000006c0000000,0x00000006cab00000)
 Metaspace       used 7907K, capacity 7989K, committed 8064K, reserved 1056768K
  class space    used 800K, capacity 853K, committed 896K, reserved 1048576K

Card table byte_map: [0x0000000113edb000,0x00000001146dc000] byte_map_base: 0x00000001108db000

Marking Bits: (ParMarkBitMap*) 0x000000010449c330
 Begin Bits: [0x000000011544a000, 0x000000011944a000)
 End Bits:   [0x000000011944a000, 0x000000011d44a000)

Polling page: 0x0000000102bcc000

CodeCache: size=245760Kb used=3057Kb max_used=3058Kb free=242702Kb
 bounds [0x0000000104b1b000, 0x0000000104e2b000, 0x0000000113b1b000]
 total_blobs=1164 nmethods=765 adapters=314
 compilation: enabled

Compilation events (10 events):
Event: 21.867 Thread 0x00007fe265018800  760       3       java.nio.Bits::int1 (6 bytes)
Event: 21.867 Thread 0x00007fe265018800 nmethod 760 0x0000000104e07ad0 code [0x0000000104e07c20, 0x0000000104e07d50]
Event: 21.867 Thread 0x00007fe265018800  761       3       java.nio.Bits::int0 (3 bytes)
Event: 21.867 Thread 0x00007fe265018800 nmethod 761 0x0000000104dfde90 code [0x0000000104dfdfe0, 0x0000000104dfe110]
Event: 23.236 Thread 0x00007fe265018800  763       3       sun.awt.AWTAutoShutdown::notifyToolkitThreadBusy (8 bytes)
Event: 23.236 Thread 0x00007fe265018800 nmethod 763 0x0000000104dfda90 code [0x0000000104dfdc00, 0x0000000104dfddc8]
Event: 23.236 Thread 0x00007fe265018800  764       3       sun.awt.AWTAutoShutdown::notifyToolkitThreadFree (8 bytes)
Event: 23.236 Thread 0x00007fe265018800 nmethod 764 0x0000000104dfd690 code [0x0000000104dfd800, 0x0000000104dfd9c8]
Event: 23.252 Thread 0x00007fe265018800  765       3       java.lang.Object::wait (6 bytes)
Event: 23.252 Thread 0x00007fe265018800 nmethod 765 0x0000000104df3650 code [0x0000000104df37c0, 0x0000000104df39c8]

GC Heap History (0 events):
No events

Deoptimization events (0 events):
No events

Internal exceptions (10 events):
Event: 0.959 Thread 0x00007fe265001800 Exception <a 'java/security/PrivilegedActionException'> (0x000000076b42aa60) thrown at [/HUDSON3/workspace/8-2-build-macosx-x86_64/jdk8u20/1074/hotspot/src/share/vm/prims/jvm.cpp, line 1275]
Event: 0.960 Thread 0x00007fe265001800 Exception <a 'java/security/PrivilegedActionException'> (0x000000076b42cb18) thrown at [/HUDSON3/workspace/8-2-build-macosx-x86_64/jdk8u20/1074/hotspot/src/share/vm/prims/jvm.cpp, line 1275]
Event: 0.973 Thread 0x00007fe265001800 Exception <a 'java/security/PrivilegedActionException'> (0x000000076b44fc30) thrown at [/HUDSON3/workspace/8-2-build-macosx-x86_64/jdk8u20/1074/hotspot/src/share/vm/prims/jvm.cpp, line 1275]
Event: 0.984 Thread 0x00007fe265001800 Exception <a 'java/security/PrivilegedActionException'> (0x000000076b490c18) thrown at [/HUDSON3/workspace/8-2-build-macosx-x86_64/jdk8u20/1074/hotspot/src/share/vm/prims/jvm.cpp, line 1275]
Event: 0.994 Thread 0x00007fe265001800 Exception <a 'java/security/PrivilegedActionException'> (0x000000076b4bbb68) thrown at [/HUDSON3/workspace/8-2-build-macosx-x86_64/jdk8u20/1074/hotspot/src/share/vm/prims/jvm.cpp, line 1275]
Event: 0.996 Thread 0x00007fe265001800 Exception <a 'java/security/PrivilegedActionException'> (0x000000076b4c7230) thrown at [/HUDSON3/workspace/8-2-build-macosx-x86_64/jdk8u20/1074/hotspot/src/share/vm/prims/jvm.cpp, line 1275]
Event: 1.039 Thread 0x00007fe265001800 Exception <a 'java/security/PrivilegedActionException'> (0x000000076b5e85b8) thrown at [/HUDSON3/workspace/8-2-build-macosx-x86_64/jdk8u20/1074/hotspot/src/share/vm/prims/jvm.cpp, line 1275]
Event: 1.040 Thread 0x00007fe265001800 Exception <a 'java/security/PrivilegedActionException'> (0x000000076b5f1d50) thrown at [/HUDSON3/workspace/8-2-build-macosx-x86_64/jdk8u20/1074/hotspot/src/share/vm/prims/jvm.cpp, line 1275]
Event: 1.041 Thread 0x00007fe265001800 Exception <a 'java/security/PrivilegedActionException'> (0x000000076b5f3d38) thrown at [/HUDSON3/workspace/8-2-build-macosx-x86_64/jdk8u20/1074/hotspot/src/share/vm/prims/jvm.cpp, line 1275]
Event: 23.788 Thread 0x00007fe265001800 Exception <a 'java/security/PrivilegedActionException'> (0x000000076b66cb18) thrown at [/HUDSON3/workspace/8-2-build-macosx-x86_64/jdk8u20/1074/hotspot/src/share/vm/prims/jvm.cpp, line 1275]

Events (10 events):
Event: 1.040 loading class java/util/HashMap$KeySet
Event: 1.040 loading class java/util/HashMap$KeySet done
Event: 1.040 loading class java/util/HashMap$KeyIterator
Event: 1.041 loading class java/util/HashMap$KeyIterator done
Event: 1.041 loading class org/newdawn/slick/Music
Event: 1.041 loading class org/newdawn/slick/Music done
Event: 4.090 Executing VM operation: EnableBiasedLocking
Event: 4.090 Executing VM operation: EnableBiasedLocking done
Event: 23.788 loading class org/lwjgl/opengl/CallbackUtil
Event: 23.788 loading class org/lwjgl/opengl/CallbackUtil done


Dynamic libraries:
0x000000000c6a1000 	/System/Library/Frameworks/Cocoa.framework/Versions/A/Cocoa
0x000000000c6a1000 	/System/Library/Frameworks/Security.framework/Versions/A/Security
0x000000000c6a1000 	/System/Library/Frameworks/ApplicationServices.framework/Versions/A/ApplicationServices
0x000000000c6a1000 	/usr/lib/libz.1.dylib
0x000000000c6a1000 	/usr/lib/libSystem.B.dylib
0x000000000c6a1000 	/usr/lib/libobjc.A.dylib
0x000000000c6a1000 	/System/Library/Frameworks/CoreFoundation.framework/Versions/A/CoreFoundation
0x000000000c6a1000 	/System/Library/Frameworks/Foundation.framework/Versions/C/Foundation
0x000000000c6a1000 	/System/Library/Frameworks/AppKit.framework/Versions/C/AppKit
0x000000000c6a1000 	/System/Library/Frameworks/CoreData.framework/Versions/A/CoreData
0x000000000c6a1000 	/System/Library/PrivateFrameworks/RemoteViewServices.framework/Versions/A/RemoteViewServices
0x000000000c6a1000 	/System/Library/PrivateFrameworks/UIFoundation.framework/Versions/A/UIFoundation
0x000000000c6a1000 	/System/Library/Frameworks/IOSurface.framework/Versions/A/IOSurface
0x000000000c6a1000 	/System/Library/Frameworks/AudioToolbox.framework/Versions/A/AudioToolbox
0x000000000c6a1000 	/System/Library/Frameworks/AudioUnit.framework/Versions/A/AudioUnit
0x000000000c6a1000 	/System/Library/PrivateFrameworks/DataDetectorsCore.framework/Versions/A/DataDetectorsCore
0x000000000c6a1000 	/System/Library/PrivateFrameworks/DesktopServicesPriv.framework/Versions/A/DesktopServicesPriv
0x000000000c6a1000 	/System/Library/Frameworks/Carbon.framework/Versions/A/Frameworks/HIToolbox.framework/Versions/A/HIToolbox
0x000000000c6a1000 	/System/Library/Frameworks/QuartzCore.framework/Versions/A/QuartzCore
0x000000000c6a1000 	/System/Library/Frameworks/Carbon.framework/Versions/A/Frameworks/SpeechRecognition.framework/Versions/A/SpeechRecognition
0x000000000c6a1000 	/usr/lib/libauto.dylib
0x000000000c6a1000 	/usr/lib/libicucore.A.dylib
0x000000000c6a1000 	/usr/lib/libxml2.2.dylib
0x000000000c6a1000 	/System/Library/PrivateFrameworks/CoreUI.framework/Versions/A/CoreUI
0x000000000c6a1000 	/System/Library/Frameworks/CoreAudio.framework/Versions/A/CoreAudio
0x000000000c6a1000 	/System/Library/Frameworks/DiskArbitration.framework/Versions/A/DiskArbitration
0x000000000c6a1000 	/usr/lib/liblangid.dylib
0x000000000c6a1000 	/System/Library/PrivateFrameworks/MultitouchSupport.framework/Versions/A/MultitouchSupport
0x000000000c6a1000 	/System/Library/Frameworks/IOKit.framework/Versions/A/IOKit
0x000000000c6a1000 	/usr/lib/libDiagnosticMessagesClient.dylib
0x000000000c6a1000 	/System/Library/Frameworks/CoreServices.framework/Versions/A/CoreServices
0x000000000c6a1000 	/System/Library/PrivateFrameworks/PerformanceAnalysis.framework/Versions/A/PerformanceAnalysis
0x000000000c6a1000 	/System/Library/PrivateFrameworks/GenerationalStorage.framework/Versions/A/GenerationalStorage
0x000000000c6a1000 	/System/Library/Frameworks/OpenGL.framework/Versions/A/OpenGL
0x000000000c6a1000 	/System/Library/PrivateFrameworks/Sharing.framework/Versions/A/Sharing
0x000000000c6a1000 	/System/Library/Frameworks/CoreGraphics.framework/Versions/A/CoreGraphics
0x000000000c6a1000 	/System/Library/Frameworks/CoreText.framework/Versions/A/CoreText
0x000000000c6a1000 	/System/Library/Frameworks/ImageIO.framework/Versions/A/ImageIO
0x000000000c6a1000 	/usr/lib/libextension.dylib
0x000000000c6a1000 	/System/Library/PrivateFrameworks/Backup.framework/Versions/A/Backup
0x000000000c6a1000 	/usr/lib/libarchive.2.dylib
0x000000000c6a1000 	/System/Library/Frameworks/CFNetwork.framework/Versions/A/CFNetwork
0x000000000c6a1000 	/System/Library/Frameworks/SystemConfiguration.framework/Versions/A/SystemConfiguration
0x000000000c6a1000 	/usr/lib/libCRFSuite.dylib
0x000000000c6a1000 	/usr/lib/libc++.1.dylib
0x000000000c6a1000 	/usr/lib/libc++abi.dylib
0x000000000c6a1000 	/usr/lib/system/libcache.dylib
0x000000000c6a1000 	/usr/lib/system/libcommonCrypto.dylib
0x000000000c6a1000 	/usr/lib/system/libcompiler_rt.dylib
0x000000000c6a1000 	/usr/lib/system/libcopyfile.dylib
0x000000000c6a1000 	/usr/lib/system/libcorecrypto.dylib
0x000000000c6a1000 	/usr/lib/system/libdispatch.dylib
0x000000000c6a1000 	/usr/lib/system/libdyld.dylib
0x000000000c6a1000 	/usr/lib/system/libkeymgr.dylib
0x000000000c6a1000 	/usr/lib/system/liblaunch.dylib
0x000000000c6a1000 	/usr/lib/system/libmacho.dylib
0x000000000c6a1000 	/usr/lib/system/libquarantine.dylib
0x000000000c6a1000 	/usr/lib/system/libremovefile.dylib
0x000000000c6a1000 	/usr/lib/system/libsystem_asl.dylib
0x000000000c6a1000 	/usr/lib/system/libsystem_blocks.dylib
0x000000000c6a1000 	/usr/lib/system/libsystem_c.dylib
0x000000000c6a1000 	/usr/lib/system/libsystem_configuration.dylib
0x000000000c6a1000 	/usr/lib/system/libsystem_coreservices.dylib
0x000000000c6a1000 	/usr/lib/system/libsystem_coretls.dylib
0x000000000c6a1000 	/usr/lib/system/libsystem_dnssd.dylib
0x000000000c6a1000 	/usr/lib/system/libsystem_info.dylib
0x000000000c6a1000 	/usr/lib/system/libsystem_kernel.dylib
0x000000000c6a1000 	/usr/lib/system/libsystem_m.dylib
0x000000000c6a1000 	/usr/lib/system/libsystem_malloc.dylib
0x000000000c6a1000 	/usr/lib/system/libsystem_network.dylib
0x000000000c6a1000 	/usr/lib/system/libsystem_networkextension.dylib
0x000000000c6a1000 	/usr/lib/system/libsystem_notify.dylib
0x000000000c6a1000 	/usr/lib/system/libsystem_platform.dylib
0x000000000c6a1000 	/usr/lib/system/libsystem_pthread.dylib
0x000000000c6a1000 	/usr/lib/system/libsystem_sandbox.dylib
0x000000000c6a1000 	/usr/lib/system/libsystem_secinit.dylib
0x000000000c6a1000 	/usr/lib/system/libsystem_stats.dylib
0x000000000c6a1000 	/usr/lib/system/libsystem_trace.dylib
0x000000000c6a1000 	/usr/lib/system/libunc.dylib
0x000000000c6a1000 	/usr/lib/system/libunwind.dylib
0x000000000c6a1000 	/usr/lib/system/libxpc.dylib
0x000000000c6a1000 	/usr/lib/libbz2.1.0.dylib
0x000000000c6a1000 	/usr/lib/liblzma.5.dylib
0x000000000c6a1000 	/usr/lib/libbsm.0.dylib
0x000000000c6a1000 	/usr/lib/libsqlite3.dylib
0x000000000c6a1000 	/usr/lib/system/libkxld.dylib
0x000000000c6a1000 	/usr/lib/libxar.1.dylib
0x000000000c6a1000 	/usr/lib/libpam.2.dylib
0x000000000c6a1000 	/usr/lib/libOpenScriptingUtil.dylib
0x000000000c6a1000 	/System/Library/Frameworks/CoreServices.framework/Versions/A/Frameworks/FSEvents.framework/Versions/A/FSEvents
0x000000000c6a1000 	/System/Library/Frameworks/CoreServices.framework/Versions/A/Frameworks/CarbonCore.framework/Versions/A/CarbonCore
0x000000000c6a1000 	/System/Library/Frameworks/CoreServices.framework/Versions/A/Frameworks/Metadata.framework/Versions/A/Metadata
0x000000000c6a1000 	/System/Library/Frameworks/CoreServices.framework/Versions/A/Frameworks/OSServices.framework/Versions/A/OSServices
0x000000000c6a1000 	/System/Library/Frameworks/CoreServices.framework/Versions/A/Frameworks/SearchKit.framework/Versions/A/SearchKit
0x000000000c6a1000 	/System/Library/Frameworks/CoreServices.framework/Versions/A/Frameworks/AE.framework/Versions/A/AE
0x000000000c6a1000 	/System/Library/Frameworks/CoreServices.framework/Versions/A/Frameworks/LaunchServices.framework/Versions/A/LaunchServices
0x000000000c6a1000 	/System/Library/Frameworks/CoreServices.framework/Versions/A/Frameworks/DictionaryServices.framework/Versions/A/DictionaryServices
0x000000000c6a1000 	/System/Library/Frameworks/NetFS.framework/Versions/A/NetFS
0x000000000c6a1000 	/System/Library/PrivateFrameworks/NetAuth.framework/Versions/A/NetAuth
0x000000000c6a1000 	/System/Library/PrivateFrameworks/login.framework/Versions/A/Frameworks/loginsupport.framework/Versions/A/loginsupport
0x000000000c6a1000 	/System/Library/PrivateFrameworks/TCC.framework/Versions/A/TCC
0x000000000c6a1000 	/usr/lib/libmecabra.dylib
0x000000000c6a1000 	/System/Library/Frameworks/ApplicationServices.framework/Versions/A/Frameworks/ATS.framework/Versions/A/ATS
0x000000000c6a1000 	/System/Library/Frameworks/ApplicationServices.framework/Versions/A/Frameworks/ColorSync.framework/Versions/A/ColorSync
0x000000000c6a1000 	/System/Library/Frameworks/ApplicationServices.framework/Versions/A/Frameworks/HIServices.framework/Versions/A/HIServices
0x000000000c6a1000 	/System/Library/Frameworks/ApplicationServices.framework/Versions/A/Frameworks/LangAnalysis.framework/Versions/A/LangAnalysis
0x000000000c6a1000 	/System/Library/Frameworks/ApplicationServices.framework/Versions/A/Frameworks/PrintCore.framework/Versions/A/PrintCore
0x000000000c6a1000 	/System/Library/Frameworks/ApplicationServices.framework/Versions/A/Frameworks/QD.framework/Versions/A/QD
0x000000000c6a1000 	/System/Library/Frameworks/ApplicationServices.framework/Versions/A/Frameworks/SpeechSynthesis.framework/Versions/A/SpeechSynthesis
0x000000000c6a1000 	/System/Library/Frameworks/Accelerate.framework/Versions/A/Accelerate
0x000000000c6a1000 	/System/Library/Frameworks/Accelerate.framework/Versions/A/Frameworks/vImage.framework/Versions/A/vImage
0x000000000c6a1000 	/System/Library/Frameworks/Accelerate.framework/Versions/A/Frameworks/vecLib.framework/Versions/A/vecLib
0x000000000c6a1000 	/System/Library/Frameworks/Accelerate.framework/Versions/A/Frameworks/vecLib.framework/Versions/A/libvDSP.dylib
0x000000000c6a1000 	/System/Library/Frameworks/Accelerate.framework/Versions/A/Frameworks/vecLib.framework/Versions/A/libvMisc.dylib
0x000000000c6a1000 	/System/Library/Frameworks/Accelerate.framework/Versions/A/Frameworks/vecLib.framework/Versions/A/libLAPACK.dylib
0x000000000c6a1000 	/System/Library/Frameworks/Accelerate.framework/Versions/A/Frameworks/vecLib.framework/Versions/A/libBLAS.dylib
0x000000000c6a1000 	/System/Library/Frameworks/Accelerate.framework/Versions/A/Frameworks/vecLib.framework/Versions/A/libLinearAlgebra.dylib
0x000000000c6a1000 	/System/Library/Frameworks/ApplicationServices.framework/Versions/A/Frameworks/ATS.framework/Versions/A/Resources/libFontParser.dylib
0x000000000c6a1000 	/System/Library/Frameworks/ApplicationServices.framework/Versions/A/Frameworks/ATS.framework/Versions/A/Resources/libFontRegistry.dylib
0x000000000c6a1000 	/System/Library/PrivateFrameworks/AppleVPA.framework/Versions/A/AppleVPA
0x000000000c6a1000 	/System/Library/PrivateFrameworks/AppleJPEG.framework/Versions/A/AppleJPEG
0x000000000c6a1000 	/System/Library/Frameworks/ImageIO.framework/Versions/A/Resources/libJPEG.dylib
0x000000000c6a1000 	/System/Library/Frameworks/ImageIO.framework/Versions/A/Resources/libTIFF.dylib
0x000000000c6a1000 	/System/Library/Frameworks/ImageIO.framework/Versions/A/Resources/libPng.dylib
0x000000000c6a1000 	/System/Library/Frameworks/ImageIO.framework/Versions/A/Resources/libGIF.dylib
0x000000000c6a1000 	/System/Library/Frameworks/ImageIO.framework/Versions/A/Resources/libJP2.dylib
0x000000000c6a1000 	/System/Library/Frameworks/ImageIO.framework/Versions/A/Resources/libRadiance.dylib
0x000000000c6a1000 	/System/Library/Frameworks/CoreVideo.framework/Versions/A/CoreVideo
0x000000000c6a1000 	/System/Library/Frameworks/OpenGL.framework/Versions/A/Libraries/libGLU.dylib
0x000000000c6a1000 	/System/Library/Frameworks/OpenGL.framework/Versions/A/Libraries/libGFXShared.dylib
0x000000000c6a1000 	/System/Library/Frameworks/OpenGL.framework/Versions/A/Libraries/libGL.dylib
0x000000000c6a1000 	/System/Library/Frameworks/OpenGL.framework/Versions/A/Libraries/libGLImage.dylib
0x000000000c6a1000 	/System/Library/Frameworks/OpenGL.framework/Versions/A/Libraries/libCVMSPluginSupport.dylib
0x000000000c6a1000 	/System/Library/Frameworks/OpenGL.framework/Versions/A/Libraries/libCoreVMClient.dylib
0x000000000c6a1000 	/usr/lib/libcups.2.dylib
0x000000000c6a1000 	/System/Library/Frameworks/Kerberos.framework/Versions/A/Kerberos
0x000000000c6a1000 	/System/Library/Frameworks/GSS.framework/Versions/A/GSS
0x000000000c6a1000 	/usr/lib/libresolv.9.dylib
0x000000000c6a1000 	/usr/lib/libiconv.2.dylib
0x000000000c6a1000 	/System/Library/PrivateFrameworks/Heimdal.framework/Versions/A/Heimdal
0x000000000c6a1000 	/usr/lib/libheimdal-asn1.dylib
0x000000000c6a1000 	/System/Library/Frameworks/OpenDirectory.framework/Versions/A/OpenDirectory
0x000000000c6a1000 	/System/Library/PrivateFrameworks/CommonAuth.framework/Versions/A/CommonAuth
0x000000000c6a1000 	/System/Library/Frameworks/OpenDirectory.framework/Versions/A/Frameworks/CFOpenDirectory.framework/Versions/A/CFOpenDirectory
0x000000000c6a1000 	/System/Library/Frameworks/SecurityFoundation.framework/Versions/A/SecurityFoundation
0x000000000c6a1000 	/System/Library/PrivateFrameworks/LanguageModeling.framework/Versions/A/LanguageModeling
0x000000000c6a1000 	/usr/lib/libcmph.dylib
0x000000000c6a1000 	/System/Library/Frameworks/ServiceManagement.framework/Versions/A/ServiceManagement
0x000000000c6a1000 	/usr/lib/libxslt.1.dylib
0x000000000c6a1000 	/System/Library/Frameworks/Carbon.framework/Versions/A/Frameworks/Ink.framework/Versions/A/Ink
0x000000000c6a1000 	/System/Library/Frameworks/QuartzCore.framework/Versions/A/Frameworks/CoreImage.framework/Versions/A/CoreImage
0x000000000c6a1000 	/System/Library/PrivateFrameworks/CrashReporterSupport.framework/Versions/A/CrashReporterSupport
0x000000000c6a1000 	/System/Library/Frameworks/OpenCL.framework/Versions/A/OpenCL
0x000000000c6a1000 	/System/Library/PrivateFrameworks/FaceCore.framework/Versions/A/FaceCore
0x000000000c6a1000 	/System/Library/PrivateFrameworks/Ubiquity.framework/Versions/A/Ubiquity
0x000000000c6a1000 	/System/Library/PrivateFrameworks/IconServices.framework/Versions/A/IconServices
0x000000000c6a1000 	/System/Library/PrivateFrameworks/ChunkingLibrary.framework/Versions/A/ChunkingLibrary
0x000000000c6a1000 	/System/Library/PrivateFrameworks/Apple80211.framework/Versions/A/Apple80211
0x000000000c6a1000 	/System/Library/Frameworks/CoreWLAN.framework/Versions/A/CoreWLAN
0x000000000c6a1000 	/System/Library/Frameworks/IOBluetooth.framework/Versions/A/IOBluetooth
0x000000000c6a1000 	/System/Library/PrivateFrameworks/CoreWiFi.framework/Versions/A/CoreWiFi
0x000000000c6a1000 	/System/Library/Frameworks/CoreBluetooth.framework/Versions/A/CoreBluetooth
0x000000000c6a1000 	/System/Library/PrivateFrameworks/DebugSymbols.framework/Versions/A/DebugSymbols
0x000000000c6a1000 	/System/Library/PrivateFrameworks/CoreSymbolication.framework/Versions/A/CoreSymbolication
0x000000000c6a1000 	/System/Library/PrivateFrameworks/Symbolication.framework/Versions/A/Symbolication
0x000000000c6a1000 	/System/Library/PrivateFrameworks/SpeechRecognitionCore.framework/Versions/A/SpeechRecognitionCore
0x0000000103c00000 	/Library/Java/JavaVirtualMachines/jdk1.8.0_20.jdk/Contents/Home/jre/lib/server/libjvm.dylib
0x000000000c6a1000 	/usr/lib/libstdc++.6.dylib
0x0000000102b8a000 	/Library/Java/JavaVirtualMachines/jdk1.8.0_20.jdk/Contents/Home/jre/lib/libverify.dylib
0x0000000102b98000 	/Library/Java/JavaVirtualMachines/jdk1.8.0_20.jdk/Contents/Home/jre/lib/libjava.dylib
0x0000000102bd6000 	/Library/Java/JavaVirtualMachines/jdk1.8.0_20.jdk/Contents/Home/jre/lib/libzip.dylib
0x00000001206ce000 	/System/Library/Frameworks/JavaVM.framework/Frameworks/JavaRuntimeSupport.framework/JavaRuntimeSupport
0x00000001206e4000 	/System/Library/Frameworks/JavaVM.framework/Versions/A/Frameworks/JavaNativeFoundation.framework/Versions/A/JavaNativeFoundation
0x00000001206f8000 	/System/Library/Frameworks/JavaVM.framework/Versions/A/JavaVM
0x000000000c6a1000 	/System/Library/Frameworks/Carbon.framework/Versions/A/Carbon
0x0000000120704000 	/System/Library/PrivateFrameworks/JavaLaunching.framework/Versions/A/JavaLaunching
0x000000000c6a1000 	/System/Library/Frameworks/Carbon.framework/Versions/A/Frameworks/CommonPanels.framework/Versions/A/CommonPanels
0x000000000c6a1000 	/System/Library/Frameworks/Carbon.framework/Versions/A/Frameworks/Help.framework/Versions/A/Help
0x000000000c6a1000 	/System/Library/Frameworks/Carbon.framework/Versions/A/Frameworks/ImageCapture.framework/Versions/A/ImageCapture
0x000000000c6a1000 	/System/Library/Frameworks/Carbon.framework/Versions/A/Frameworks/OpenScripting.framework/Versions/A/OpenScripting
0x000000000c6a1000 	/System/Library/Frameworks/Carbon.framework/Versions/A/Frameworks/Print.framework/Versions/A/Print
0x000000000c6a1000 	/System/Library/Frameworks/Carbon.framework/Versions/A/Frameworks/SecurityHI.framework/Versions/A/SecurityHI
0x000000012271b000 	/Library/Java/JavaVirtualMachines/jdk1.8.0_20.jdk/Contents/Home/jre/lib/libawt.dylib
0x00000001227ca000 	/Library/Java/JavaVirtualMachines/jdk1.8.0_20.jdk/Contents/Home/jre/lib/./libmlib_image.dylib
0x0000000122896000 	/Library/Java/JavaVirtualMachines/jdk1.8.0_20.jdk/Contents/Home/jre/lib/libawt_lwawt.dylib
0x0000000122949000 	/Library/Java/JavaVirtualMachines/jdk1.8.0_20.jdk/Contents/Home/jre/lib/./libosxapp.dylib
0x000000000c6a1000 	/System/Library/Frameworks/ExceptionHandling.framework/Versions/A/ExceptionHandling
0x000000000c6a1000 	/System/Library/PrivateFrameworks/CoreServicesInternal.framework/Versions/A/CoreServicesInternal
0x000000000c6a1000 	/System/Library/PrivateFrameworks/CloudDocs.framework/Versions/A/CloudDocs
0x000000000c6a1000 	/System/Library/PrivateFrameworks/CoreDuet.framework/Versions/A/CoreDuet
0x000000000c6a1000 	/System/Library/Frameworks/CloudKit.framework/Versions/A/CloudKit
0x000000000c6a1000 	/System/Library/PrivateFrameworks/ProtocolBuffer.framework/Versions/A/ProtocolBuffer
0x000000000c6a1000 	/System/Library/PrivateFrameworks/CoreDuetDaemonProtocol.framework/Versions/A/CoreDuetDaemonProtocol
0x000000000c6a1000 	/System/Library/PrivateFrameworks/CoreDuetDebugLogging.framework/Versions/A/CoreDuetDebugLogging
0x000000000c6a1000 	/System/Library/PrivateFrameworks/MMCS.framework/Versions/A/MMCS
0x000000000c6a1000 	/System/Library/Frameworks/CoreLocation.framework/Versions/A/CoreLocation
0x000000000c6a1000 	/System/Library/PrivateFrameworks/ProtectedCloudStorage.framework/Versions/A/ProtectedCloudStorage
0x000000000c6a1000 	/System/Library/PrivateFrameworks/GeoServices.framework/Versions/A/GeoServices
0x000000000c6a1000 	/System/Library/Frameworks/CoreGraphics.framework/Versions/A/Resources/libCGCMS.A.dylib
0x000000000c6a1000 	/System/Library/Frameworks/CoreGraphics.framework/Versions/A/Resources/libRIP.A.dylib
0x000000000c6a1000 	/System/Library/CoreServices/RawCamera.bundle/Contents/MacOS/RawCamera
0x000000000c6a1000 	/System/Library/Frameworks/CoreGraphics.framework/Versions/A/Resources/libCGXType.A.dylib
0x000000000c6a1000 	/System/Library/Frameworks/OpenCL.framework/Versions/A/Libraries/libcldcpuengine.dylib
0x000000000c6a1000 	/System/Library/PrivateFrameworks/DiskImages.framework/Versions/A/DiskImages
0x000000000c6a1000 	/System/Library/Frameworks/DiscRecording.framework/Versions/A/DiscRecording
0x000000000c6a1000 	/usr/lib/libcsfde.dylib
0x000000000c6a1000 	/usr/lib/libcurl.4.dylib
0x000000000c6a1000 	/System/Library/PrivateFrameworks/MediaKit.framework/Versions/A/MediaKit
0x000000000c6a1000 	/usr/lib/libCoreStorage.dylib
0x000000000c6a1000 	/System/Library/PrivateFrameworks/EFILogin.framework/Versions/A/EFILogin
0x000000000c6a1000 	/usr/lib/libutil.dylib
0x000000000c6a1000 	/System/Library/PrivateFrameworks/FindMyDevice.framework/Versions/A/FindMyDevice
0x000000000c6a1000 	/System/Library/Frameworks/LDAP.framework/Versions/A/LDAP
0x000000000c6a1000 	/usr/lib/libsasl2.2.dylib
0x000000000c6a1000 	/System/Library/PrivateFrameworks/CoreDaemon.framework/Versions/B/CoreDaemon
0x000000000c6a1000 	/usr/lib/libcrypto.0.9.8.dylib
0x000000000c6a1000 	/System/Library/PrivateFrameworks/AppleSRP.framework/Versions/A/AppleSRP
0x000000000c6a1000 	/System/Library/PrivateFrameworks/TrustEvaluationAgent.framework/Versions/A/TrustEvaluationAgent
0x0000000125cfc000 	cl_kernels
0x0000000125cfe000 	/System/Library/Frameworks/OpenCL.framework/Versions/A/Libraries/ImageFormats/unorm8_bgra.dylib
0x0000000125cee000 	cl_kernels
0x000000000c6a1000 	/System/Library/PrivateFrameworks/FamilyControls.framework/Versions/A/FamilyControls
0x000000000c6a1000 	/System/Library/PrivateFrameworks/CommerceKit.framework/Versions/A/Frameworks/CommerceCore.framework/Versions/A/CommerceCore
0x000000000c6a1000 	/System/Library/PrivateFrameworks/SystemAdministration.framework/Versions/A/SystemAdministration
0x000000000c6a1000 	/System/Library/PrivateFrameworks/AppContainer.framework/Versions/A/AppContainer
0x000000000c6a1000 	/System/Library/PrivateFrameworks/SecCodeWrapper.framework/Versions/A/SecCodeWrapper
0x000000000c6a1000 	/System/Library/Frameworks/DirectoryService.framework/Versions/A/DirectoryService
0x000000000c6a1000 	/System/Library/PrivateFrameworks/LoginUIKit.framework/Versions/A/Frameworks/LoginUICore.framework/Versions/A/LoginUICore
0x000000000c6a1000 	/usr/lib/libodfde.dylib
0x0000000127126000 	/Library/Java/JavaVirtualMachines/jdk1.8.0_20.jdk/Contents/Home/jre/lib/libfontmanager.dylib
0x000000012718c000 	/Users/TG9527/Desktop/workspace/proj1/lib/liblwjgl.dylib
0x0000000125159000 	/Library/Java/JavaVirtualMachines/jdk1.8.0_20.jdk/Contents/Home/jre/lib/libjawt.dylib
0x000000000c6a1000 	/System/Library/Frameworks/OpenGL.framework/Versions/A/Resources/GLEngine.bundle/GLEngine
0x000000000c6a1000 	/System/Library/Frameworks/OpenGL.framework/Versions/A/Libraries/libGLProgrammability.dylib
0x0000000127218000 	/System/Library/Extensions/AppleIntelHD5000GraphicsGLDriver.bundle/Contents/MacOS/AppleIntelHD5000GraphicsGLDriver
0x000000000c6a1000 	/System/Library/PrivateFrameworks/IOAccelerator.framework/Versions/A/IOAccelerator
0x000000000c6a1000 	/System/Library/PrivateFrameworks/GPUSupport.framework/Versions/A/Libraries/libGPUSupportMercury.dylib
0x0000000000000000 	/System/Library/Extensions/GeForceGLDriver.bundle/Contents/MacOS/GeForceGLDriver
0x000000000c6a1000 	/System/Library/Extensions/GeForceGLDriver.bundle/Contents/MacOS/libclh.dylib
0x000000000c6a1000 	/System/Library/Frameworks/OpenGL.framework/Versions/A/Resources/GLRendererFloat.bundle/GLRendererFloat

VM Arguments:
jvm_args: -Djava.library.path=/Users/TG9527/Desktop/workspace/proj1/lib -Dfile.encoding=UTF-8 
java_command: Game
java_class_path (initial): /Users/TG9527/Desktop/workspace/proj1/bin:/Users/TG9527/Desktop/workspace/proj1/lib/lwjgl.jar:/Users/TG9527/Desktop/workspace/proj1/lib/slick.jar
Launcher Type: SUN_STANDARD

Environment Variables:
PATH=/usr/bin:/bin:/usr/sbin:/sbin
SHELL=/bin/bash
DISPLAY=/private/tmp/com.apple.launchd.d8jHfy1R7H/org.macosforge.xquartz:0

Signal Handlers:
SIGSEGV: [libjvm.dylib+0x578fd7], sa_mask[0]=11111111011111110111111111111111, sa_flags=SA_ONSTACK|SA_RESTART|SA_SIGINFO
SIGBUS: [libjvm.dylib+0x578fd7], sa_mask[0]=11111111011111110111111111111111, sa_flags=SA_RESTART|SA_SIGINFO
SIGFPE: [libjvm.dylib+0x45ab0c], sa_mask[0]=11111111011111110111111111111111, sa_flags=SA_RESTART|SA_SIGINFO
SIGPIPE: [libjvm.dylib+0x45ab0c], sa_mask[0]=11111111011111110111111111111111, sa_flags=SA_RESTART|SA_SIGINFO
SIGXFSZ: [libjvm.dylib+0x45ab0c], sa_mask[0]=11111111011111110111111111111111, sa_flags=SA_RESTART|SA_SIGINFO
SIGILL: [libjvm.dylib+0x45ab0c], sa_mask[0]=11111111011111110111111111111111, sa_flags=SA_RESTART|SA_SIGINFO
SIGUSR1: SIG_DFL, sa_mask[0]=00000000000000000000000000000000, sa_flags=none
SIGUSR2: [libjvm.dylib+0x45a62a], sa_mask[0]=00100000000000000000000000000000, sa_flags=SA_RESTART|SA_SIGINFO
SIGHUP: [libjvm.dylib+0x458bfd], sa_mask[0]=11111111011111110111111111111111, sa_flags=SA_RESTART|SA_SIGINFO
SIGINT: [libjvm.dylib+0x458bfd], sa_mask[0]=11111111011111110111111111111111, sa_flags=SA_RESTART|SA_SIGINFO
SIGTERM: [libjvm.dylib+0x458bfd], sa_mask[0]=11111111011111110111111111111111, sa_flags=SA_RESTART|SA_SIGINFO
SIGQUIT: [libjvm.dylib+0x458bfd], sa_mask[0]=11111111011111110111111111111111, sa_flags=SA_RESTART|SA_SIGINFO


---------------  S Y S T E M  ---------------

OS:Bsduname:Darwin 14.5.0 Darwin Kernel Version 14.5.0: Wed Jul 29 02:26:53 PDT 2015; root:xnu-2782.40.9~1/RELEASE_X86_64 x86_64
rlimit: STACK 8192k, CORE 0k, NPROC 709, NOFILE 10240, AS infinity
load average:1.47 1.57 1.52

CPU:total 8 (4 cores per cpu, 2 threads per core) family 6 model 70 stepping 1, cmov, cx8, fxsr, mmx, sse, sse2, sse3, ssse3, sse4.1, sse4.2, popcnt, avx, avx2, aes, clmul, erms, rtm, lzcnt, ht, tsc, tscinvbit, bmi1, bmi2

Memory: 4k page, physical 16777216k(1253756k free)

/proc/meminfo:


vm_info: Java HotSpot(TM) 64-Bit Server VM (25.20-b23) for bsd-amd64 JRE (1.8.0_20-b26), built on Jul 30 2014 13:37:47 by "java_re" with gcc 4.2.1 (Based on Apple Inc. build 5658) (LLVM build 2336.9.00)

time: Mon Sep  7 11:50:55 2015
elapsed time: 23 seconds (0d 0h 0m 23s)

