#
# A fatal error has been detected by the Java Runtime Environment:
#
#  SIGSEGV (0xb) at pc=0x00007fff9a54d0dd, pid=1789, tid=1811
#
# JRE version: Java(TM) SE Runtime Environment (8.0_20-b26) (build 1.8.0_20-b26)
# Java VM: Java HotSpot(TM) 64-Bit Server VM (25.20-b23 mixed mode bsd-amd64 compressed oops)
# Problematic frame:
# C  [libobjc.A.dylib+0x10dd]  objc_msgSend+0x1d
#
# Failed to write core dump. Core dumps have been disabled. To enable core dumping, try "ulimit -c unlimited" before starting Java again
#
# If you would like to submit a bug report, please visit:
#   http://bugreport.sun.com/bugreport/crash.jsp
# The crash happened outside the Java Virtual Machine in native code.
# See problematic frame for where to report the bug.
#

---------------  T H R E A D  ---------------

Current thread (0x00007fa5ac886000):  JavaThread "AppKit Thread" daemon [_thread_in_native, id=1811, stack(0x00007fff54659000,0x00007fff54e59000)]

siginfo: si_signo: 11 (SIGSEGV), si_code: 1 (SEGV_MAPERR), si_addr: 0x0000000000000018

Registers:
RAX=0x00007fa5ada719b0, RBX=0x00007fff54e54a48, RCX=0x0000000000000000, RDX=0x00007fa5ab72ad00
RSP=0x00007fff54e54868, RBP=0x00007fff54e54870, RSI=0x00007fff9523141e, RDI=0x00007fa5ada719b0
R8 =0x00007fff54e54850, R9 =0x0000000000000057, R10=0x00007fff9523141e, R11=0x0000000000000000
R12=0x00007fa5ab710ed0, R13=0x00000000000f42ef, R14=0x00007fa5adaacfc0, R15=0x00007fff54e549a8
RIP=0x00007fff9a54d0dd, EFLAGS=0x0000000000010246, ERR=0x0000000000000004
  TRAPNO=0x000000000000000e

Top of Stack: (sp=0x00007fff54e54868)
0x00007fff54e54868:   00007fff9aa8845c 00007fff54e54bd0
0x00007fff54e54878:   00007fff9a978634 00007fff54e548fc
0x00007fff54e54888:   00007fff54e54900 00007fff54e54904
0x00007fff54e54898:   00007fff7d479e00 ffffffffffffffff
0x00007fff54e548a8:   0000000000000828 00007fff7d479e18
0x00007fff54e548b8:   00007fa5adaacfc0 0000000000000000
0x00007fff54e548c8:   00007fff54e549a0 0000000000000000
0x00007fff54e548d8:   00007fa5ada76150 00007fff54e54a20
0x00007fff54e548e8:   0000000000000057 00000000000f42f1
0x00007fff54e548f8:   00007fa5ab72ad00 00007fa5ada75b80
0x00007fff54e54908:   00007fa5ab710ed0 0000000000000001
0x00007fff54e54918:   00000000000f42ef 00007fa5ab710ec0
0x00007fff54e54928:   00007fff9247ec05 00000001ada581f0
0x00007fff54e54938:   00007fff7d2e80d0 0000000042000000
0x00007fff54e54948:   00007fff92485e63 00007fff7d444240
0x00007fff54e54958:   00007fff54e54a28 00007fff54e54980
0x00007fff54e54968:   00007fff54e549a0 0000000000000000
0x00007fff54e54978:   0000000000000017 0002040300000001
0x00007fff54e54988:   00007fa5ab710ef4 0000000000000000
0x00007fff54e54998:   00007fa5ab748c00 00007fa5ada761d0
0x00007fff54e549a8:   00007fa5adaacfc0 0000002000000000
0x00007fff54e549b8:   0000000000000000 00007fff7d2e80d0
0x00007fff54e549c8:   0000000042000000 00007fff924854f8
0x00007fff54e549d8:   00007fff7d444350 00007fff54e54938
0x00007fff54e549e8:   0000000000000000 00007fff54e54ab8
0x00007fff54e549f8:   00007fff7db2eea0 00007fff54e54af0
0x00007fff54e54a08:   00007fff8c6cc770 00007fff54e54aa0
0x00007fff54e54a18:   00007fff949654ed 0000000000000053
0x00007fff54e54a28:   0000000000000000 00000000000f42e4
0x00007fff54e54a38:   0000000000000055 0000000000000000
0x00007fff54e54a48:   00000000000f42ef 00007fff54e54ac4
0x00007fff54e54a58:   00000000003c7201 00000000ffffffff 

Instructions: (pc=0x00007fff9a54d0dd)
0x00007fff9a54d0bd:   00 00 00 48 85 ff 2e 74 7a 40 f6 c7 01 2e 75 7e
0x00007fff9a54d0cd:   49 bb f8 ff ff ff ff 7f 00 00 4c 23 1f 49 89 f2
0x00007fff9a54d0dd:   45 23 53 18 49 c1 e2 04 4d 03 53 10 49 3b 32 75
0x00007fff9a54d0ed:   04 41 ff 62 08 49 83 3a 00 74 6a 4d 3b 53 10 74 

Register to memory mapping:

RAX=0x00007fa5ada719b0 is an unknown value
RBX=0x00007fff54e54a48 is pointing into the stack for thread: 0x00007fa5ac886000
RCX=0x0000000000000000 is an unknown value
RDX=0x00007fa5ab72ad00 is an unknown value
RSP=0x00007fff54e54868 is pointing into the stack for thread: 0x00007fa5ac886000
RBP=0x00007fff54e54870 is pointing into the stack for thread: 0x00007fa5ac886000
RSI=0x00007fff9523141e: -[NSTitlebarContainerView transparent]+0x5e312 in /System/Library/Frameworks/AppKit.framework/Versions/C/AppKit at 0x00007fff94830000
RDI=0x00007fa5ada719b0 is an unknown value
R8 =0x00007fff54e54850 is pointing into the stack for thread: 0x00007fa5ac886000
R9 =0x0000000000000057 is an unknown value
R10=0x00007fff9523141e: -[NSTitlebarContainerView transparent]+0x5e312 in /System/Library/Frameworks/AppKit.framework/Versions/C/AppKit at 0x00007fff94830000
R11=0x0000000000000000 is an unknown value
R12=0x00007fa5ab710ed0 is an unknown value
R13=0x00000000000f42ef is an unknown value
R14=0x00007fa5adaacfc0 is an unknown value
R15=0x00007fff54e549a8 is pointing into the stack for thread: 0x00007fa5ac886000


Stack: [0x00007fff54659000,0x00007fff54e59000],  sp=0x00007fff54e54868,  free space=8174k
Native frames: (J=compiled Java code, j=interpreted, Vv=VM code, C=native code)
C  [libobjc.A.dylib+0x10dd]  objc_msgSend+0x1d
C  [CoreFoundation+0x10634]  _CFXNotificationPost+0xc44
C  [Foundation+0x7aa1]  -[NSNotificationCenter postNotificationName:object:userInfo:]+0x42
C  [AppKit+0x439c2]  -[NSSurface _disposeSurface]+0x98
C  [AppKit+0x43426]  -[NSSurface setWindow:]+0x42
C  [AppKit+0x33910]  -[NSView _setWindow:]+0xa33
C  [AppKit+0x6af91]  -[NSView removeFromSuperview]+0x1c5
C  [AppKit+0x14bd99]  -[NSView removeFromSuperviewWithoutNeedingDisplay]+0x26
C  [liblwjgl.dylib+0xa205]  +[MacOSXKeyableWindow destroyWindow]+0xb5
C  [Foundation+0x92dd0]  __NSThreadPerformPerform+0x125
C  [CoreFoundation+0x80a01]  __CFRUNLOOP_IS_CALLING_OUT_TO_A_SOURCE0_PERFORM_FUNCTION__+0x11
C  [CoreFoundation+0x72b8d]  __CFRunLoopDoSources0+0x10d
C  [CoreFoundation+0x721bf]  __CFRunLoopRun+0x39f
C  [CoreFoundation+0x71bd8]  CFRunLoopRunSpecific+0x128
C  [HIToolbox+0x3256f]  RunCurrentEventLoopInMode+0xeb
C  [HIToolbox+0x322ea]  ReceiveNextEventCommon+0x1af
C  [HIToolbox+0x3212b]  _BlockUntilNextEventMatchingListInModeWithFilter+0x47
C  [AppKit+0x918ab]  _DPSNextEvent+0x3d2
C  [AppKit+0x90e58]  -[NSApplication nextEventMatchingMask:untilDate:inMode:dequeue:]+0x15a
C  [libosxapp.dylib+0x242a]  -[NSApplicationAWT nextEventMatchingMask:untilDate:inMode:dequeue:]+0x7c
C  [AppKit+0x86af3]  -[NSApplication run]+0x252
C  [libosxapp.dylib+0x223e]  +[NSApplicationAWT runAWTLoopWithApp:]+0x9c
C  [libawt_lwawt.dylib+0x4494f]  -[AWTStarter starter:]+0x389
C  [Foundation+0x92dd0]  __NSThreadPerformPerform+0x125
C  [CoreFoundation+0x80a01]  __CFRUNLOOP_IS_CALLING_OUT_TO_A_SOURCE0_PERFORM_FUNCTION__+0x11
C  [CoreFoundation+0x72b8d]  __CFRunLoopDoSources0+0x10d
C  [CoreFoundation+0x721bf]  __CFRunLoopRun+0x39f
C  [CoreFoundation+0x71bd8]  CFRunLoopRunSpecific+0x128
C  [java+0x56cc]  CreateExecutionEnvironment+0x367
C  [java+0x165c]  JLI_Launch+0x7a0
C  [java+0x768a]  main+0x65
C  [java+0xeb4]  start+0x34
C  0x0000000000000006


---------------  P R O C E S S  ---------------

Java Threads: ( => current thread )
  0x00007fa5ad0a2800 JavaThread "AWT-Shutdown" [_thread_blocked, id=30739, stack(0x000000012c5e3000,0x000000012c6e3000)]
=>0x00007fa5ac886000 JavaThread "AppKit Thread" daemon [_thread_in_native, id=1811, stack(0x00007fff54659000,0x00007fff54e59000)]
  0x00007fa5ad08c800 JavaThread "Service Thread" daemon [_thread_blocked, id=20739, stack(0x000000012a935000,0x000000012aa35000)]
  0x00007fa5ae803000 JavaThread "C1 CompilerThread3" daemon [_thread_blocked, id=20227, stack(0x000000012a832000,0x000000012a932000)]
  0x00007fa5ae802000 JavaThread "C2 CompilerThread2" daemon [_thread_blocked, id=19715, stack(0x000000012a72f000,0x000000012a82f000)]
  0x00007fa5ab81e000 JavaThread "C2 CompilerThread1" daemon [_thread_blocked, id=19203, stack(0x000000012a62c000,0x000000012a72c000)]
  0x00007fa5ad02c000 JavaThread "C2 CompilerThread0" daemon [_thread_blocked, id=18691, stack(0x000000012a529000,0x000000012a629000)]
  0x00007fa5ab810800 JavaThread "Signal Dispatcher" daemon [_thread_blocked, id=14615, stack(0x000000012a426000,0x000000012a526000)]
  0x00007fa5ac813000 JavaThread "Finalizer" daemon [_thread_blocked, id=13571, stack(0x0000000128a20000,0x0000000128b20000)]
  0x00007fa5ac812000 JavaThread "Reference Handler" daemon [_thread_blocked, id=13059, stack(0x000000012891d000,0x0000000128a1d000)]
  0x00007fa5ac801000 JavaThread "main" [_thread_in_native, id=4867, stack(0x000000010aebd000,0x000000010afbd000)]

Other Threads:
  0x00007fa5ad04f800 VMThread [stack: 0x000000012881a000,0x000000012891a000] [id=12547]
  0x00007fa5ad02d000 WatcherThread [stack: 0x000000012aa38000,0x000000012ab38000] [id=21251]

VM state:not at safepoint (normal execution)

VM Mutex/Monitor currently owned by a thread: None

Heap:
 PSYoungGen      total 76288K, used 11806K [0x000000076ab00000, 0x0000000770000000, 0x00000007c0000000)
  eden space 65536K, 18% used [0x000000076ab00000,0x000000076b687968,0x000000076eb00000)
  from space 10752K, 0% used [0x000000076f580000,0x000000076f580000,0x0000000770000000)
  to   space 10752K, 0% used [0x000000076eb00000,0x000000076eb00000,0x000000076f580000)
 ParOldGen       total 175104K, used 0K [0x00000006c0000000, 0x00000006cab00000, 0x000000076ab00000)
  object space 175104K, 0% used [0x00000006c0000000,0x00000006c0000000,0x00000006cab00000)
 Metaspace       used 7895K, capacity 7981K, committed 8064K, reserved 1056768K
  class space    used 800K, capacity 853K, committed 896K, reserved 1048576K

Card table byte_map: [0x000000011c30f000,0x000000011cb10000] byte_map_base: 0x0000000118d0f000

Marking Bits: (ParMarkBitMap*) 0x000000010c89c330
 Begin Bits: [0x000000011d87e000, 0x000000012187e000)
 End Bits:   [0x000000012187e000, 0x000000012587e000)

Polling page: 0x000000010afcd000

CodeCache: size=245760Kb used=2795Kb max_used=2795Kb free=242964Kb
 bounds [0x000000010cf4f000, 0x000000010d20f000, 0x000000011bf4f000]
 total_blobs=1090 nmethods=692 adapters=313
 compilation: enabled

Compilation events (10 events):
Event: 3.373 Thread 0x00007fa5ae802000  688       4       java.nio.DirectIntBufferU::get (16 bytes)
Event: 3.374 Thread 0x00007fa5ae802000 nmethod 688 0x000000010d204250 code [0x000000010d2043a0, 0x000000010d204438]
Event: 3.499 Thread 0x00007fa5ae803000  689       3       java.nio.HeapByteBuffer::putInt (20 bytes)
Event: 3.499 Thread 0x00007fa5ae803000 nmethod 689 0x000000010d20b990 code [0x000000010d20bb20, 0x000000010d20bee8]
Event: 3.499 Thread 0x00007fa5ae803000  690       3       java.nio.Bits::putInt (20 bytes)
Event: 3.499 Thread 0x00007fa5ae803000 nmethod 690 0x000000010d20b550 code [0x000000010d20b6c0, 0x000000010d20b8b8]
Event: 3.518 Thread 0x00007fa5ae803000  691       3       java.nio.HeapByteBuffer::getInt (18 bytes)
Event: 3.519 Thread 0x00007fa5ae803000 nmethod 691 0x000000010d208e10 code [0x000000010d209020, 0x000000010d209948]
Event: 3.519 Thread 0x00007fa5ae803000  692       3       java.nio.Bits::getInt (18 bytes)
Event: 3.519 Thread 0x00007fa5ae803000 nmethod 692 0x000000010d207f10 code [0x000000010d208120, 0x000000010d208ad8]

GC Heap History (0 events):
No events

Deoptimization events (0 events):
No events

Internal exceptions (10 events):
Event: 0.874 Thread 0x00007fa5ac801000 Exception <a 'java/security/PrivilegedActionException'> (0x000000076b42aa60) thrown at [/HUDSON3/workspace/8-2-build-macosx-x86_64/jdk8u20/1074/hotspot/src/share/vm/prims/jvm.cpp, line 1275]
Event: 0.874 Thread 0x00007fa5ac801000 Exception <a 'java/security/PrivilegedActionException'> (0x000000076b42ca50) thrown at [/HUDSON3/workspace/8-2-build-macosx-x86_64/jdk8u20/1074/hotspot/src/share/vm/prims/jvm.cpp, line 1275]
Event: 0.886 Thread 0x00007fa5ac801000 Exception <a 'java/security/PrivilegedActionException'> (0x000000076b44fb68) thrown at [/HUDSON3/workspace/8-2-build-macosx-x86_64/jdk8u20/1074/hotspot/src/share/vm/prims/jvm.cpp, line 1275]
Event: 0.898 Thread 0x00007fa5ac801000 Exception <a 'java/security/PrivilegedActionException'> (0x000000076b490b50) thrown at [/HUDSON3/workspace/8-2-build-macosx-x86_64/jdk8u20/1074/hotspot/src/share/vm/prims/jvm.cpp, line 1275]
Event: 0.908 Thread 0x00007fa5ac801000 Exception <a 'java/security/PrivilegedActionException'> (0x000000076b4bbaa0) thrown at [/HUDSON3/workspace/8-2-build-macosx-x86_64/jdk8u20/1074/hotspot/src/share/vm/prims/jvm.cpp, line 1275]
Event: 0.910 Thread 0x00007fa5ac801000 Exception <a 'java/security/PrivilegedActionException'> (0x000000076b4c7168) thrown at [/HUDSON3/workspace/8-2-build-macosx-x86_64/jdk8u20/1074/hotspot/src/share/vm/prims/jvm.cpp, line 1275]
Event: 0.953 Thread 0x00007fa5ac801000 Exception <a 'java/security/PrivilegedActionException'> (0x000000076b5e84d8) thrown at [/HUDSON3/workspace/8-2-build-macosx-x86_64/jdk8u20/1074/hotspot/src/share/vm/prims/jvm.cpp, line 1275]
Event: 0.954 Thread 0x00007fa5ac801000 Exception <a 'java/security/PrivilegedActionException'> (0x000000076b5f1a40) thrown at [/HUDSON3/workspace/8-2-build-macosx-x86_64/jdk8u20/1074/hotspot/src/share/vm/prims/jvm.cpp, line 1275]
Event: 0.955 Thread 0x00007fa5ac801000 Exception <a 'java/security/PrivilegedActionException'> (0x000000076b5f3a28) thrown at [/HUDSON3/workspace/8-2-build-macosx-x86_64/jdk8u20/1074/hotspot/src/share/vm/prims/jvm.cpp, line 1275]
Event: 3.856 Thread 0x00007fa5ac801000 Exception <a 'java/security/PrivilegedActionException'> (0x000000076b6119b0) thrown at [/HUDSON3/workspace/8-2-build-macosx-x86_64/jdk8u20/1074/hotspot/src/share/vm/prims/jvm.cpp, line 1275]

Events (10 events):
Event: 0.954 loading class Camera
Event: 0.954 loading class Camera done
Event: 0.955 loading class java/util/HashMap$KeySet
Event: 0.955 loading class java/util/HashMap$KeySet done
Event: 0.955 loading class java/util/HashMap$KeyIterator
Event: 0.955 loading class java/util/HashMap$KeyIterator done
Event: 0.955 loading class org/newdawn/slick/Music
Event: 0.955 loading class org/newdawn/slick/Music done
Event: 3.856 loading class org/lwjgl/opengl/CallbackUtil
Event: 3.856 loading class org/lwjgl/opengl/CallbackUtil done


Dynamic libraries:
0x000000000c6a1000 	/System/Library/Frameworks/Cocoa.framework/Versions/A/Cocoa
0x000000000c6a1000 	/System/Library/Frameworks/Security.framework/Versions/A/Security
0x000000000c6a1000 	/System/Library/Frameworks/ApplicationServices.framework/Versions/A/ApplicationServices
0x000000000c6a1000 	/usr/lib/libz.1.dylib
0x000000000c6a1000 	/usr/lib/libSystem.B.dylib
0x000000000c6a1000 	/usr/lib/libobjc.A.dylib
0x000000000c6a1000 	/System/Library/Frameworks/CoreFoundation.framework/Versions/A/CoreFoundation
0x000000000c6a1000 	/System/Library/Frameworks/Foundation.framework/Versions/C/Foundation
0x000000000c6a1000 	/System/Library/Frameworks/AppKit.framework/Versions/C/AppKit
0x000000000c6a1000 	/System/Library/Frameworks/CoreData.framework/Versions/A/CoreData
0x000000000c6a1000 	/System/Library/PrivateFrameworks/RemoteViewServices.framework/Versions/A/RemoteViewServices
0x000000000c6a1000 	/System/Library/PrivateFrameworks/UIFoundation.framework/Versions/A/UIFoundation
0x000000000c6a1000 	/System/Library/Frameworks/IOSurface.framework/Versions/A/IOSurface
0x000000000c6a1000 	/System/Library/Frameworks/AudioToolbox.framework/Versions/A/AudioToolbox
0x000000000c6a1000 	/System/Library/Frameworks/AudioUnit.framework/Versions/A/AudioUnit
0x000000000c6a1000 	/System/Library/PrivateFrameworks/DataDetectorsCore.framework/Versions/A/DataDetectorsCore
0x000000000c6a1000 	/System/Library/PrivateFrameworks/DesktopServicesPriv.framework/Versions/A/DesktopServicesPriv
0x000000000c6a1000 	/System/Library/Frameworks/Carbon.framework/Versions/A/Frameworks/HIToolbox.framework/Versions/A/HIToolbox
0x000000000c6a1000 	/System/Library/Frameworks/QuartzCore.framework/Versions/A/QuartzCore
0x000000000c6a1000 	/System/Library/Frameworks/Carbon.framework/Versions/A/Frameworks/SpeechRecognition.framework/Versions/A/SpeechRecognition
0x000000000c6a1000 	/usr/lib/libauto.dylib
0x000000000c6a1000 	/usr/lib/libicucore.A.dylib
0x000000000c6a1000 	/usr/lib/libxml2.2.dylib
0x000000000c6a1000 	/System/Library/PrivateFrameworks/CoreUI.framework/Versions/A/CoreUI
0x000000000c6a1000 	/System/Library/Frameworks/CoreAudio.framework/Versions/A/CoreAudio
0x000000000c6a1000 	/System/Library/Frameworks/DiskArbitration.framework/Versions/A/DiskArbitration
0x000000000c6a1000 	/usr/lib/liblangid.dylib
0x000000000c6a1000 	/System/Library/PrivateFrameworks/MultitouchSupport.framework/Versions/A/MultitouchSupport
0x000000000c6a1000 	/System/Library/Frameworks/IOKit.framework/Versions/A/IOKit
0x000000000c6a1000 	/usr/lib/libDiagnosticMessagesClient.dylib
0x000000000c6a1000 	/System/Library/Frameworks/CoreServices.framework/Versions/A/CoreServices
0x000000000c6a1000 	/System/Library/PrivateFrameworks/PerformanceAnalysis.framework/Versions/A/PerformanceAnalysis
0x000000000c6a1000 	/System/Library/PrivateFrameworks/GenerationalStorage.framework/Versions/A/GenerationalStorage
0x000000000c6a1000 	/System/Library/Frameworks/OpenGL.framework/Versions/A/OpenGL
0x000000000c6a1000 	/System/Library/PrivateFrameworks/Sharing.framework/Versions/A/Sharing
0x000000000c6a1000 	/System/Library/Frameworks/CoreGraphics.framework/Versions/A/CoreGraphics
0x000000000c6a1000 	/System/Library/Frameworks/CoreText.framework/Versions/A/CoreText
0x000000000c6a1000 	/System/Library/Frameworks/ImageIO.framework/Versions/A/ImageIO
0x000000000c6a1000 	/usr/lib/libextension.dylib
0x000000000c6a1000 	/System/Library/PrivateFrameworks/Backup.framework/Versions/A/Backup
0x000000000c6a1000 	/usr/lib/libarchive.2.dylib
0x000000000c6a1000 	/System/Library/Frameworks/CFNetwork.framework/Versions/A/CFNetwork
0x000000000c6a1000 	/System/Library/Frameworks/SystemConfiguration.framework/Versions/A/SystemConfiguration
0x000000000c6a1000 	/usr/lib/libCRFSuite.dylib
0x000000000c6a1000 	/usr/lib/libc++.1.dylib
0x000000000c6a1000 	/usr/lib/libc++abi.dylib
0x000000000c6a1000 	/usr/lib/system/libcache.dylib
0x000000000c6a1000 	/usr/lib/system/libcommonCrypto.dylib
0x000000000c6a1000 	/usr/lib/system/libcompiler_rt.dylib
0x000000000c6a1000 	/usr/lib/system/libcopyfile.dylib
0x000000000c6a1000 	/usr/lib/system/libcorecrypto.dylib
0x000000000c6a1000 	/usr/lib/system/libdispatch.dylib
0x000000000c6a1000 	/usr/lib/system/libdyld.dylib
0x000000000c6a1000 	/usr/lib/system/libkeymgr.dylib
0x000000000c6a1000 	/usr/lib/system/liblaunch.dylib
0x000000000c6a1000 	/usr/lib/system/libmacho.dylib
0x000000000c6a1000 	/usr/lib/system/libquarantine.dylib
0x000000000c6a1000 	/usr/lib/system/libremovefile.dylib
0x000000000c6a1000 	/usr/lib/system/libsystem_asl.dylib
0x000000000c6a1000 	/usr/lib/system/libsystem_blocks.dylib
0x000000000c6a1000 	/usr/lib/system/libsystem_c.dylib
0x000000000c6a1000 	/usr/lib/system/libsystem_configuration.dylib
0x000000000c6a1000 	/usr/lib/system/libsystem_coreservices.dylib
0x000000000c6a1000 	/usr/lib/system/libsystem_coretls.dylib
0x000000000c6a1000 	/usr/lib/system/libsystem_dnssd.dylib
0x000000000c6a1000 	/usr/lib/system/libsystem_info.dylib
0x000000000c6a1000 	/usr/lib/system/libsystem_kernel.dylib
0x000000000c6a1000 	/usr/lib/system/libsystem_m.dylib
0x000000000c6a1000 	/usr/lib/system/libsystem_malloc.dylib
0x000000000c6a1000 	/usr/lib/system/libsystem_network.dylib
0x000000000c6a1000 	/usr/lib/system/libsystem_networkextension.dylib
0x000000000c6a1000 	/usr/lib/system/libsystem_notify.dylib
0x000000000c6a1000 	/usr/lib/system/libsystem_platform.dylib
0x000000000c6a1000 	/usr/lib/system/libsystem_pthread.dylib
0x000000000c6a1000 	/usr/lib/system/libsystem_sandbox.dylib
0x000000000c6a1000 	/usr/lib/system/libsystem_secinit.dylib
0x000000000c6a1000 	/usr/lib/system/libsystem_stats.dylib
0x000000000c6a1000 	/usr/lib/system/libsystem_trace.dylib
0x000000000c6a1000 	/usr/lib/system/libunc.dylib
0x000000000c6a1000 	/usr/lib/system/libunwind.dylib
0x000000000c6a1000 	/usr/lib/system/libxpc.dylib
0x000000000c6a1000 	/usr/lib/libbz2.1.0.dylib
0x000000000c6a1000 	/usr/lib/liblzma.5.dylib
0x000000000c6a1000 	/usr/lib/libbsm.0.dylib
0x000000000c6a1000 	/usr/lib/libsqlite3.dylib
0x000000000c6a1000 	/usr/lib/system/libkxld.dylib
0x000000000c6a1000 	/usr/lib/libxar.1.dylib
0x000000000c6a1000 	/usr/lib/libpam.2.dylib
0x000000000c6a1000 	/usr/lib/libOpenScriptingUtil.dylib
0x000000000c6a1000 	/System/Library/Frameworks/CoreServices.framework/Versions/A/Frameworks/FSEvents.framework/Versions/A/FSEvents
0x000000000c6a1000 	/System/Library/Frameworks/CoreServices.framework/Versions/A/Frameworks/CarbonCore.framework/Versions/A/CarbonCore
0x000000000c6a1000 	/System/Library/Frameworks/CoreServices.framework/Versions/A/Frameworks/Metadata.framework/Versions/A/Metadata
0x000000000c6a1000 	/System/Library/Frameworks/CoreServices.framework/Versions/A/Frameworks/OSServices.framework/Versions/A/OSServices
0x000000000c6a1000 	/System/Library/Frameworks/CoreServices.framework/Versions/A/Frameworks/SearchKit.framework/Versions/A/SearchKit
0x000000000c6a1000 	/System/Library/Frameworks/CoreServices.framework/Versions/A/Frameworks/AE.framework/Versions/A/AE
0x000000000c6a1000 	/System/Library/Frameworks/CoreServices.framework/Versions/A/Frameworks/LaunchServices.framework/Versions/A/LaunchServices
0x000000000c6a1000 	/System/Library/Frameworks/CoreServices.framework/Versions/A/Frameworks/DictionaryServices.framework/Versions/A/DictionaryServices
0x000000000c6a1000 	/System/Library/Frameworks/NetFS.framework/Versions/A/NetFS
0x000000000c6a1000 	/System/Library/PrivateFrameworks/NetAuth.framework/Versions/A/NetAuth
0x000000000c6a1000 	/System/Library/PrivateFrameworks/login.framework/Versions/A/Frameworks/loginsupport.framework/Versions/A/loginsupport
0x000000000c6a1000 	/System/Library/PrivateFrameworks/TCC.framework/Versions/A/TCC
0x000000000c6a1000 	/usr/lib/libmecabra.dylib
0x000000000c6a1000 	/System/Library/Frameworks/ApplicationServices.framework/Versions/A/Frameworks/ATS.framework/Versions/A/ATS
0x000000000c6a1000 	/System/Library/Frameworks/ApplicationServices.framework/Versions/A/Frameworks/ColorSync.framework/Versions/A/ColorSync
0x000000000c6a1000 	/System/Library/Frameworks/ApplicationServices.framework/Versions/A/Frameworks/HIServices.framework/Versions/A/HIServices
0x000000000c6a1000 	/System/Library/Frameworks/ApplicationServices.framework/Versions/A/Frameworks/LangAnalysis.framework/Versions/A/LangAnalysis
0x000000000c6a1000 	/System/Library/Frameworks/ApplicationServices.framework/Versions/A/Frameworks/PrintCore.framework/Versions/A/PrintCore
0x000000000c6a1000 	/System/Library/Frameworks/ApplicationServices.framework/Versions/A/Frameworks/QD.framework/Versions/A/QD
0x000000000c6a1000 	/System/Library/Frameworks/ApplicationServices.framework/Versions/A/Frameworks/SpeechSynthesis.framework/Versions/A/SpeechSynthesis
0x000000000c6a1000 	/System/Library/Frameworks/Accelerate.framework/Versions/A/Accelerate
0x000000000c6a1000 	/System/Library/Frameworks/Accelerate.framework/Versions/A/Frameworks/vImage.framework/Versions/A/vImage
0x000000000c6a1000 	/System/Library/Frameworks/Accelerate.framework/Versions/A/Frameworks/vecLib.framework/Versions/A/vecLib
0x000000000c6a1000 	/System/Library/Frameworks/Accelerate.framework/Versions/A/Frameworks/vecLib.framework/Versions/A/libvDSP.dylib
0x000000000c6a1000 	/System/Library/Frameworks/Accelerate.framework/Versions/A/Frameworks/vecLib.framework/Versions/A/libvMisc.dylib
0x000000000c6a1000 	/System/Library/Frameworks/Accelerate.framework/Versions/A/Frameworks/vecLib.framework/Versions/A/libLAPACK.dylib
0x000000000c6a1000 	/System/Library/Frameworks/Accelerate.framework/Versions/A/Frameworks/vecLib.framework/Versions/A/libBLAS.dylib
0x000000000c6a1000 	/System/Library/Frameworks/Accelerate.framework/Versions/A/Frameworks/vecLib.framework/Versions/A/libLinearAlgebra.dylib
0x000000000c6a1000 	/System/Library/Frameworks/ApplicationServices.framework/Versions/A/Frameworks/ATS.framework/Versions/A/Resources/libFontParser.dylib
0x000000000c6a1000 	/System/Library/Frameworks/ApplicationServices.framework/Versions/A/Frameworks/ATS.framework/Versions/A/Resources/libFontRegistry.dylib
0x000000000c6a1000 	/System/Library/PrivateFrameworks/AppleVPA.framework/Versions/A/AppleVPA
0x000000000c6a1000 	/System/Library/PrivateFrameworks/AppleJPEG.framework/Versions/A/AppleJPEG
0x000000000c6a1000 	/System/Library/Frameworks/ImageIO.framework/Versions/A/Resources/libJPEG.dylib
0x000000000c6a1000 	/System/Library/Frameworks/ImageIO.framework/Versions/A/Resources/libTIFF.dylib
0x000000000c6a1000 	/System/Library/Frameworks/ImageIO.framework/Versions/A/Resources/libPng.dylib
0x000000000c6a1000 	/System/Library/Frameworks/ImageIO.framework/Versions/A/Resources/libGIF.dylib
0x000000000c6a1000 	/System/Library/Frameworks/ImageIO.framework/Versions/A/Resources/libJP2.dylib
0x000000000c6a1000 	/System/Library/Frameworks/ImageIO.framework/Versions/A/Resources/libRadiance.dylib
0x000000000c6a1000 	/System/Library/Frameworks/CoreVideo.framework/Versions/A/CoreVideo
0x000000000c6a1000 	/System/Library/Frameworks/OpenGL.framework/Versions/A/Libraries/libGLU.dylib
0x000000000c6a1000 	/System/Library/Frameworks/OpenGL.framework/Versions/A/Libraries/libGFXShared.dylib
0x000000000c6a1000 	/System/Library/Frameworks/OpenGL.framework/Versions/A/Libraries/libGL.dylib
0x000000000c6a1000 	/System/Library/Frameworks/OpenGL.framework/Versions/A/Libraries/libGLImage.dylib
0x000000000c6a1000 	/System/Library/Frameworks/OpenGL.framework/Versions/A/Libraries/libCVMSPluginSupport.dylib
0x000000000c6a1000 	/System/Library/Frameworks/OpenGL.framework/Versions/A/Libraries/libCoreVMClient.dylib
0x000000000c6a1000 	/usr/lib/libcups.2.dylib
0x000000000c6a1000 	/System/Library/Frameworks/Kerberos.framework/Versions/A/Kerberos
0x000000000c6a1000 	/System/Library/Frameworks/GSS.framework/Versions/A/GSS
0x000000000c6a1000 	/usr/lib/libresolv.9.dylib
0x000000000c6a1000 	/usr/lib/libiconv.2.dylib
0x000000000c6a1000 	/System/Library/PrivateFrameworks/Heimdal.framework/Versions/A/Heimdal
0x000000000c6a1000 	/usr/lib/libheimdal-asn1.dylib
0x000000000c6a1000 	/System/Library/Frameworks/OpenDirectory.framework/Versions/A/OpenDirectory
0x000000000c6a1000 	/System/Library/PrivateFrameworks/CommonAuth.framework/Versions/A/CommonAuth
0x000000000c6a1000 	/System/Library/Frameworks/OpenDirectory.framework/Versions/A/Frameworks/CFOpenDirectory.framework/Versions/A/CFOpenDirectory
0x000000000c6a1000 	/System/Library/Frameworks/SecurityFoundation.framework/Versions/A/SecurityFoundation
0x000000000c6a1000 	/System/Library/PrivateFrameworks/LanguageModeling.framework/Versions/A/LanguageModeling
0x000000000c6a1000 	/usr/lib/libcmph.dylib
0x000000000c6a1000 	/System/Library/Frameworks/ServiceManagement.framework/Versions/A/ServiceManagement
0x000000000c6a1000 	/usr/lib/libxslt.1.dylib
0x000000000c6a1000 	/System/Library/Frameworks/Carbon.framework/Versions/A/Frameworks/Ink.framework/Versions/A/Ink
0x000000000c6a1000 	/System/Library/Frameworks/QuartzCore.framework/Versions/A/Frameworks/CoreImage.framework/Versions/A/CoreImage
0x000000000c6a1000 	/System/Library/PrivateFrameworks/CrashReporterSupport.framework/Versions/A/CrashReporterSupport
0x000000000c6a1000 	/System/Library/Frameworks/OpenCL.framework/Versions/A/OpenCL
0x000000000c6a1000 	/System/Library/PrivateFrameworks/FaceCore.framework/Versions/A/FaceCore
0x000000000c6a1000 	/System/Library/PrivateFrameworks/Ubiquity.framework/Versions/A/Ubiquity
0x000000000c6a1000 	/System/Library/PrivateFrameworks/IconServices.framework/Versions/A/IconServices
0x000000000c6a1000 	/System/Library/PrivateFrameworks/ChunkingLibrary.framework/Versions/A/ChunkingLibrary
0x000000000c6a1000 	/System/Library/PrivateFrameworks/Apple80211.framework/Versions/A/Apple80211
0x000000000c6a1000 	/System/Library/Frameworks/CoreWLAN.framework/Versions/A/CoreWLAN
0x000000000c6a1000 	/System/Library/Frameworks/IOBluetooth.framework/Versions/A/IOBluetooth
0x000000000c6a1000 	/System/Library/PrivateFrameworks/CoreWiFi.framework/Versions/A/CoreWiFi
0x000000000c6a1000 	/System/Library/Frameworks/CoreBluetooth.framework/Versions/A/CoreBluetooth
0x000000000c6a1000 	/System/Library/PrivateFrameworks/DebugSymbols.framework/Versions/A/DebugSymbols
0x000000000c6a1000 	/System/Library/PrivateFrameworks/CoreSymbolication.framework/Versions/A/CoreSymbolication
0x000000000c6a1000 	/System/Library/PrivateFrameworks/Symbolication.framework/Versions/A/Symbolication
0x000000000c6a1000 	/System/Library/PrivateFrameworks/SpeechRecognitionCore.framework/Versions/A/SpeechRecognitionCore
0x000000010c000000 	/Library/Java/JavaVirtualMachines/jdk1.8.0_20.jdk/Contents/Home/jre/lib/server/libjvm.dylib
0x000000000c6a1000 	/usr/lib/libstdc++.6.dylib
0x000000010afbf000 	/Library/Java/JavaVirtualMachines/jdk1.8.0_20.jdk/Contents/Home/jre/lib/libverify.dylib
0x000000010cf1b000 	/Library/Java/JavaVirtualMachines/jdk1.8.0_20.jdk/Contents/Home/jre/lib/libjava.dylib
0x000000010afd7000 	/Library/Java/JavaVirtualMachines/jdk1.8.0_20.jdk/Contents/Home/jre/lib/libzip.dylib
0x000000010afe1000 	/System/Library/Frameworks/JavaVM.framework/Frameworks/JavaRuntimeSupport.framework/JavaRuntimeSupport
0x0000000128b22000 	/System/Library/Frameworks/JavaVM.framework/Versions/A/Frameworks/JavaNativeFoundation.framework/Versions/A/JavaNativeFoundation
0x0000000128b36000 	/System/Library/Frameworks/JavaVM.framework/Versions/A/JavaVM
0x000000000c6a1000 	/System/Library/Frameworks/Carbon.framework/Versions/A/Carbon
0x0000000128b42000 	/System/Library/PrivateFrameworks/JavaLaunching.framework/Versions/A/JavaLaunching
0x000000000c6a1000 	/System/Library/Frameworks/Carbon.framework/Versions/A/Frameworks/CommonPanels.framework/Versions/A/CommonPanels
0x000000000c6a1000 	/System/Library/Frameworks/Carbon.framework/Versions/A/Frameworks/Help.framework/Versions/A/Help
0x000000000c6a1000 	/System/Library/Frameworks/Carbon.framework/Versions/A/Frameworks/ImageCapture.framework/Versions/A/ImageCapture
0x000000000c6a1000 	/System/Library/Frameworks/Carbon.framework/Versions/A/Frameworks/OpenScripting.framework/Versions/A/OpenScripting
0x000000000c6a1000 	/System/Library/Frameworks/Carbon.framework/Versions/A/Frameworks/Print.framework/Versions/A/Print
0x000000000c6a1000 	/System/Library/Frameworks/Carbon.framework/Versions/A/Frameworks/SecurityHI.framework/Versions/A/SecurityHI
0x000000012ab53000 	/Library/Java/JavaVirtualMachines/jdk1.8.0_20.jdk/Contents/Home/jre/lib/libawt.dylib
0x000000012ac02000 	/Library/Java/JavaVirtualMachines/jdk1.8.0_20.jdk/Contents/Home/jre/lib/./libmlib_image.dylib
0x000000012acce000 	/Library/Java/JavaVirtualMachines/jdk1.8.0_20.jdk/Contents/Home/jre/lib/libawt_lwawt.dylib
0x000000012ad81000 	/Library/Java/JavaVirtualMachines/jdk1.8.0_20.jdk/Contents/Home/jre/lib/./libosxapp.dylib
0x000000000c6a1000 	/System/Library/Frameworks/ExceptionHandling.framework/Versions/A/ExceptionHandling
0x000000000c6a1000 	/System/Library/PrivateFrameworks/CoreServicesInternal.framework/Versions/A/CoreServicesInternal
0x000000000c6a1000 	/System/Library/PrivateFrameworks/CloudDocs.framework/Versions/A/CloudDocs
0x000000000c6a1000 	/System/Library/PrivateFrameworks/CoreDuet.framework/Versions/A/CoreDuet
0x000000000c6a1000 	/System/Library/Frameworks/CloudKit.framework/Versions/A/CloudKit
0x000000000c6a1000 	/System/Library/PrivateFrameworks/ProtocolBuffer.framework/Versions/A/ProtocolBuffer
0x000000000c6a1000 	/System/Library/PrivateFrameworks/CoreDuetDaemonProtocol.framework/Versions/A/CoreDuetDaemonProtocol
0x000000000c6a1000 	/System/Library/PrivateFrameworks/CoreDuetDebugLogging.framework/Versions/A/CoreDuetDebugLogging
0x000000000c6a1000 	/System/Library/PrivateFrameworks/MMCS.framework/Versions/A/MMCS
0x000000000c6a1000 	/System/Library/Frameworks/CoreLocation.framework/Versions/A/CoreLocation
0x000000000c6a1000 	/System/Library/PrivateFrameworks/ProtectedCloudStorage.framework/Versions/A/ProtectedCloudStorage
0x000000000c6a1000 	/System/Library/PrivateFrameworks/GeoServices.framework/Versions/A/GeoServices
0x000000000c6a1000 	/System/Library/Frameworks/CoreGraphics.framework/Versions/A/Resources/libCGCMS.A.dylib
0x000000000c6a1000 	/System/Library/Frameworks/CoreGraphics.framework/Versions/A/Resources/libRIP.A.dylib
0x000000000c6a1000 	/System/Library/CoreServices/RawCamera.bundle/Contents/MacOS/RawCamera
0x000000000c6a1000 	/System/Library/Frameworks/CoreGraphics.framework/Versions/A/Resources/libCGXType.A.dylib
0x000000000c6a1000 	/System/Library/Frameworks/OpenCL.framework/Versions/A/Libraries/libcldcpuengine.dylib
0x000000000c6a1000 	/System/Library/PrivateFrameworks/DiskImages.framework/Versions/A/DiskImages
0x000000000c6a1000 	/System/Library/Frameworks/DiscRecording.framework/Versions/A/DiscRecording
0x000000000c6a1000 	/usr/lib/libcsfde.dylib
0x000000000c6a1000 	/usr/lib/libcurl.4.dylib
0x000000000c6a1000 	/System/Library/PrivateFrameworks/MediaKit.framework/Versions/A/MediaKit
0x000000000c6a1000 	/usr/lib/libCoreStorage.dylib
0x000000000c6a1000 	/System/Library/PrivateFrameworks/EFILogin.framework/Versions/A/EFILogin
0x000000000c6a1000 	/usr/lib/libutil.dylib
0x000000000c6a1000 	/System/Library/PrivateFrameworks/FindMyDevice.framework/Versions/A/FindMyDevice
0x000000000c6a1000 	/System/Library/Frameworks/LDAP.framework/Versions/A/LDAP
0x000000000c6a1000 	/usr/lib/libsasl2.2.dylib
0x000000000c6a1000 	/System/Library/PrivateFrameworks/CoreDaemon.framework/Versions/B/CoreDaemon
0x000000000c6a1000 	/usr/lib/libcrypto.0.9.8.dylib
0x000000000c6a1000 	/System/Library/PrivateFrameworks/AppleSRP.framework/Versions/A/AppleSRP
0x000000000c6a1000 	/System/Library/PrivateFrameworks/TrustEvaluationAgent.framework/Versions/A/TrustEvaluationAgent
0x000000012e131000 	cl_kernels
0x000000012e133000 	/System/Library/Frameworks/OpenCL.framework/Versions/A/Libraries/ImageFormats/unorm8_bgra.dylib
0x000000012e123000 	cl_kernels
0x000000000c6a1000 	/System/Library/PrivateFrameworks/FamilyControls.framework/Versions/A/FamilyControls
0x000000000c6a1000 	/System/Library/PrivateFrameworks/CommerceKit.framework/Versions/A/Frameworks/CommerceCore.framework/Versions/A/CommerceCore
0x000000000c6a1000 	/System/Library/PrivateFrameworks/SystemAdministration.framework/Versions/A/SystemAdministration
0x000000000c6a1000 	/System/Library/PrivateFrameworks/AppContainer.framework/Versions/A/AppContainer
0x000000000c6a1000 	/System/Library/PrivateFrameworks/SecCodeWrapper.framework/Versions/A/SecCodeWrapper
0x000000000c6a1000 	/System/Library/Frameworks/DirectoryService.framework/Versions/A/DirectoryService
0x000000000c6a1000 	/System/Library/PrivateFrameworks/LoginUIKit.framework/Versions/A/Frameworks/LoginUICore.framework/Versions/A/LoginUICore
0x000000000c6a1000 	/usr/lib/libodfde.dylib
0x000000012f4d8000 	/Library/Java/JavaVirtualMachines/jdk1.8.0_20.jdk/Contents/Home/jre/lib/libfontmanager.dylib
0x000000012f53e000 	/Users/TG9527/Desktop/workspace/proj1/lib/liblwjgl.dylib
0x000000012d58f000 	/Library/Java/JavaVirtualMachines/jdk1.8.0_20.jdk/Contents/Home/jre/lib/libjawt.dylib
0x000000000c6a1000 	/System/Library/Frameworks/OpenGL.framework/Versions/A/Resources/GLEngine.bundle/GLEngine
0x000000000c6a1000 	/System/Library/Frameworks/OpenGL.framework/Versions/A/Libraries/libGLProgrammability.dylib
0x000000012f5ca000 	/System/Library/Extensions/AppleIntelHD5000GraphicsGLDriver.bundle/Contents/MacOS/AppleIntelHD5000GraphicsGLDriver
0x000000000c6a1000 	/System/Library/PrivateFrameworks/IOAccelerator.framework/Versions/A/IOAccelerator
0x000000000c6a1000 	/System/Library/PrivateFrameworks/GPUSupport.framework/Versions/A/Libraries/libGPUSupportMercury.dylib
0x0000000000000000 	/System/Library/Extensions/GeForceGLDriver.bundle/Contents/MacOS/GeForceGLDriver
0x000000000c6a1000 	/System/Library/Extensions/GeForceGLDriver.bundle/Contents/MacOS/libclh.dylib
0x000000000c6a1000 	/System/Library/Frameworks/OpenGL.framework/Versions/A/Resources/GLRendererFloat.bundle/GLRendererFloat

VM Arguments:
jvm_args: -Djava.library.path=/Users/TG9527/Desktop/workspace/proj1/lib -Dfile.encoding=UTF-8 
java_command: Game
java_class_path (initial): /Users/TG9527/Desktop/workspace/proj1/bin:/Users/TG9527/Desktop/workspace/proj1/lib/lwjgl.jar:/Users/TG9527/Desktop/workspace/proj1/lib/slick.jar
Launcher Type: SUN_STANDARD

Environment Variables:
PATH=/usr/bin:/bin:/usr/sbin:/sbin
SHELL=/bin/bash
DISPLAY=/private/tmp/com.apple.launchd.d8jHfy1R7H/org.macosforge.xquartz:0

Signal Handlers:
SIGSEGV: [libjvm.dylib+0x578fd7], sa_mask[0]=11111111011111110111111111111111, sa_flags=SA_ONSTACK|SA_RESTART|SA_SIGINFO
SIGBUS: [libjvm.dylib+0x578fd7], sa_mask[0]=11111111011111110111111111111111, sa_flags=SA_RESTART|SA_SIGINFO
SIGFPE: [libjvm.dylib+0x45ab0c], sa_mask[0]=11111111011111110111111111111111, sa_flags=SA_RESTART|SA_SIGINFO
SIGPIPE: [libjvm.dylib+0x45ab0c], sa_mask[0]=11111111011111110111111111111111, sa_flags=SA_RESTART|SA_SIGINFO
SIGXFSZ: [libjvm.dylib+0x45ab0c], sa_mask[0]=11111111011111110111111111111111, sa_flags=SA_RESTART|SA_SIGINFO
SIGILL: [libjvm.dylib+0x45ab0c], sa_mask[0]=11111111011111110111111111111111, sa_flags=SA_RESTART|SA_SIGINFO
SIGUSR1: SIG_DFL, sa_mask[0]=00000000000000000000000000000000, sa_flags=none
SIGUSR2: [libjvm.dylib+0x45a62a], sa_mask[0]=00100000000000000000000000000000, sa_flags=SA_RESTART|SA_SIGINFO
SIGHUP: [libjvm.dylib+0x458bfd], sa_mask[0]=11111111011111110111111111111111, sa_flags=SA_RESTART|SA_SIGINFO
SIGINT: [libjvm.dylib+0x458bfd], sa_mask[0]=11111111011111110111111111111111, sa_flags=SA_RESTART|SA_SIGINFO
SIGTERM: [libjvm.dylib+0x458bfd], sa_mask[0]=11111111011111110111111111111111, sa_flags=SA_RESTART|SA_SIGINFO
SIGQUIT: [libjvm.dylib+0x458bfd], sa_mask[0]=11111111011111110111111111111111, sa_flags=SA_RESTART|SA_SIGINFO


---------------  S Y S T E M  ---------------

OS:Bsduname:Darwin 14.5.0 Darwin Kernel Version 14.5.0: Wed Jul 29 02:26:53 PDT 2015; root:xnu-2782.40.9~1/RELEASE_X86_64 x86_64
rlimit: STACK 8192k, CORE 0k, NPROC 709, NOFILE 10240, AS infinity
load average:1.24 1.17 1.17

CPU:total 8 (4 cores per cpu, 2 threads per core) family 6 model 70 stepping 1, cmov, cx8, fxsr, mmx, sse, sse2, sse3, ssse3, sse4.1, sse4.2, popcnt, avx, avx2, aes, clmul, erms, rtm, lzcnt, ht, tsc, tscinvbit, bmi1, bmi2

Memory: 4k page, physical 16777216k(3202280k free)

/proc/meminfo:


vm_info: Java HotSpot(TM) 64-Bit Server VM (25.20-b23) for bsd-amd64 JRE (1.8.0_20-b26), built on Jul 30 2014 13:37:47 by "java_re" with gcc 4.2.1 (Based on Apple Inc. build 5658) (LLVM build 2336.9.00)

time: Sun Sep  6 23:25:28 2015
elapsed time: 3 seconds (0d 0h 0m 3s)

