#
# A fatal error has been detected by the Java Runtime Environment:
#
#  SIGSEGV (0xb) at pc=0x00007fff9a54d0dd, pid=2483, tid=1811
#
# JRE version: Java(TM) SE Runtime Environment (8.0_20-b26) (build 1.8.0_20-b26)
# Java VM: Java HotSpot(TM) 64-Bit Server VM (25.20-b23 mixed mode bsd-amd64 compressed oops)
# Problematic frame:
# C  [libobjc.A.dylib+0x10dd]  objc_msgSend+0x1d
#
# Failed to write core dump. Core dumps have been disabled. To enable core dumping, try "ulimit -c unlimited" before starting Java again
#
# If you would like to submit a bug report, please visit:
#   http://bugreport.sun.com/bugreport/crash.jsp
# The crash happened outside the Java Virtual Machine in native code.
# See problematic frame for where to report the bug.
#

---------------  T H R E A D  ---------------

Current thread (0x00007fb38b80a000):  JavaThread "AppKit Thread" daemon [_thread_in_native, id=1811, stack(0x00007fff59bbd000,0x00007fff5a3bd000)]

siginfo: si_signo: 11 (SIGSEGV), si_code: 1 (SEGV_MAPERR), si_addr: 0x000007fb38a45d78

Registers:
RAX=0x0000000000000000, RBX=0x00007fb38a55b390, RCX=0x0000000000000000, RDX=0x00007fb38a55b390
RSP=0x00007fff5a3b7e08, RBP=0x00007fff5a3b7e30, RSI=0x00007fff9523137c, RDI=0x00007fb38a4591b0
R8 =0x0000000000000001, R9 =0x0000000000000001, R10=0x00007fff9523137c, R11=0x000007fb38a45d60
R12=0x0000000000000094, R13=0x00007fb38a445810, R14=0x00007fb38a4591b0, R15=0x00007fff5a3b8320
RIP=0x00007fff9a54d0dd, EFLAGS=0x0000000000010206, ERR=0x0000000000000004
  TRAPNO=0x000000000000000e

Top of Stack: (sp=0x00007fff5a3b7e08)
0x00007fff5a3b7e08:   0000000129fe4598 00007fb38a55b390
0x00007fff5a3b7e18:   000000012a018c60 00007fb38a445810
0x00007fff5a3b7e28:   00007fb38a55b390 00007fff5a3b8310
0x00007fff5a3b7e38:   00007fff94911f45 0000000000000000
0x00007fff5a3b7e48:   0000000000000000 4089000000000000
0x00007fff5a3b7e58:   4082c00000000000 0000000000000000
0x00007fff5a3b7e68:   0000000000000000 4089000000000000
0x00007fff5a3b7e78:   4082c00000000000 4089000000000000
0x00007fff5a3b7e88:   4083700000000000 401c000000000000
0x00007fff5a3b7e98:   4082d80000000000 402c000000000000
0x00007fff5a3b7ea8:   4030000000000000 401c000000000000
0x00007fff5a3b7eb8:   0000000000000000 0000000000000000
0x00007fff5a3b7ec8:   4030000000000000 00007fff951f4129
0x00007fff5a3b7ed8:   4018000000000000 00007fb38a44aa70
0x00007fff5a3b7ee8:   0000000100000000 0000000000000000
0x00007fff5a3b7ef8:   00007fb38ca3ac10 00007fff5a3b8050
0x00007fff5a3b7f08:   00007fff94916b36 00007fff5a3b8050
0x00007fff5a3b7f18:   00007fff94918e82 402c000000000000
0x00007fff5a3b7f28:   4030000000000000 401c000000000000
0x00007fff5a3b7f38:   4082d80000000000 402c000000000000
0x00007fff5a3b7f48:   4030000000000000 0000000000000000
0x00007fff5a3b7f58:   0000000000000000 4089000000000000
0x00007fff5a3b7f68:   4083700000000000 401c000000000000
0x00007fff5a3b7f78:   4082d80000000000 0000000105864600
0x00007fff5a3b7f88:   00007fb38a46ba70 00000000000000b0
0x00007fff5a3b7f98:   0000000000000006 00000000000006ba
0x00007fff5a3b7fa8:   000000010585d000 00007fff5a3b8050
0x00007fff5a3b7fb8:   00007fff8c6cee7f 00000000000006b2
0x00007fff5a3b7fc8:   000000010585d000 00007fff5a3b8070
0x00007fff5a3b7fd8:   00000000000006bb 00007fff5a3b80df
0x00007fff5a3b7fe8:   0000000000000080 00007fb38a4fc080
0x00007fff5a3b7ff8:   00007fb38a46b9c0 0000000000000002 

Instructions: (pc=0x00007fff9a54d0dd)
0x00007fff9a54d0bd:   00 00 00 48 85 ff 2e 74 7a 40 f6 c7 01 2e 75 7e
0x00007fff9a54d0cd:   49 bb f8 ff ff ff ff 7f 00 00 4c 23 1f 49 89 f2
0x00007fff9a54d0dd:   45 23 53 18 49 c1 e2 04 4d 03 53 10 49 3b 32 75
0x00007fff9a54d0ed:   04 41 ff 62 08 49 83 3a 00 74 6a 4d 3b 53 10 74 

Register to memory mapping:

RAX=0x0000000000000000 is an unknown value
RBX=0x00007fb38a55b390 is an unknown value
RCX=0x0000000000000000 is an unknown value
RDX=0x00007fb38a55b390 is an unknown value
RSP=0x00007fff5a3b7e08 is pointing into the stack for thread: 0x00007fb38b80a000
RBP=0x00007fff5a3b7e30 is pointing into the stack for thread: 0x00007fb38b80a000
RSI=0x00007fff9523137c: -[NSTitlebarContainerView transparent]+0x5e270 in /System/Library/Frameworks/AppKit.framework/Versions/C/AppKit at 0x00007fff94830000
RDI=0x00007fb38a4591b0 is an unknown value
R8 =0x0000000000000001 is an unknown value
R9 =0x0000000000000001 is an unknown value
R10=0x00007fff9523137c: -[NSTitlebarContainerView transparent]+0x5e270 in /System/Library/Frameworks/AppKit.framework/Versions/C/AppKit at 0x00007fff94830000
R11=0x000007fb38a45d60 is an unknown value
R12=0x0000000000000094 is an unknown value
R13=0x00007fb38a445810 is an unknown value
R14=0x00007fb38a4591b0 is an unknown value
R15=0x00007fff5a3b8320 is pointing into the stack for thread: 0x00007fb38b80a000


Stack: [0x00007fff59bbd000,0x00007fff5a3bd000],  sp=0x00007fff5a3b7e08,  free space=8171k
Native frames: (J=compiled Java code, j=interpreted, Vv=VM code, C=native code)
C  [libobjc.A.dylib+0x10dd]  objc_msgSend+0x1d
C  [AppKit+0xe1f45]  -[NSView _recursiveDisplayRectIfNeededIgnoringOpacity:isVisibleRect:rectIsVisibleRectForView:topView:]+0x740
C  [AppKit+0xe2fa0]  -[NSView _recursiveDisplayRectIfNeededIgnoringOpacity:isVisibleRect:rectIsVisibleRectForView:topView:]+0x179b
C  [AppKit+0xe12f3]  -[NSThemeFrame _recursiveDisplayRectIfNeededIgnoringOpacity:isVisibleRect:rectIsVisibleRectForView:topView:]+0x14d
C  [AppKit+0xdd68b]  -[NSView _displayRectIgnoringOpacity:isVisibleRect:rectIsVisibleRectForView:]+0xac9
C  [AppKit+0x951ae]  -[NSView displayIfNeeded]+0x754
C  [AppKit+0x94a09]  -[NSWindow displayIfNeeded]+0xec
C  [AppKit+0x94672]  _handleWindowNeedsDisplayOrLayoutOrUpdateConstraints+0x3a8
C  [AppKit+0x7ca171]  __83-[NSWindow _postWindowNeedsDisplayOrLayoutOrUpdateConstraintsUnlessPostingDisabled]_block_invoke1540+0x2e
C  [CoreFoundation+0x80127]  __CFRUNLOOP_IS_CALLING_OUT_TO_AN_OBSERVER_CALLBACK_FUNCTION__+0x17
C  [CoreFoundation+0x80080]  __CFRunLoopDoObservers+0x170
C  [CoreFoundation+0x72188]  __CFRunLoopRun+0x368
C  [CoreFoundation+0x71bd8]  CFRunLoopRunSpecific+0x128
C  [HIToolbox+0x3256f]  RunCurrentEventLoopInMode+0xeb
C  [HIToolbox+0x321ee]  ReceiveNextEventCommon+0xb3
C  [HIToolbox+0x3212b]  _BlockUntilNextEventMatchingListInModeWithFilter+0x47
C  [AppKit+0x918ab]  _DPSNextEvent+0x3d2
C  [AppKit+0x90e58]  -[NSApplication nextEventMatchingMask:untilDate:inMode:dequeue:]+0x15a
C  [libosxapp.dylib+0x242a]  -[NSApplicationAWT nextEventMatchingMask:untilDate:inMode:dequeue:]+0x7c
C  [AppKit+0x86af3]  -[NSApplication run]+0x252
C  [libosxapp.dylib+0x223e]  +[NSApplicationAWT runAWTLoopWithApp:]+0x9c
C  [libawt_lwawt.dylib+0x4494f]  -[AWTStarter starter:]+0x389
C  [Foundation+0x92dd0]  __NSThreadPerformPerform+0x125
C  [CoreFoundation+0x80a01]  __CFRUNLOOP_IS_CALLING_OUT_TO_A_SOURCE0_PERFORM_FUNCTION__+0x11
C  [CoreFoundation+0x72b8d]  __CFRunLoopDoSources0+0x10d
C  [CoreFoundation+0x721bf]  __CFRunLoopRun+0x39f
C  [CoreFoundation+0x71bd8]  CFRunLoopRunSpecific+0x128
C  [java+0x56cc]  CreateExecutionEnvironment+0x367
C  [java+0x165c]  JLI_Launch+0x7a0
C  [java+0x768a]  main+0x65
C  [java+0xeb4]  start+0x34
C  0x0000000000000006


---------------  P R O C E S S  ---------------

Java Threads: ( => current thread )
  0x00007fb38b8a1800 JavaThread "AWT-Shutdown" [_thread_blocked, id=30739, stack(0x0000000126ffb000,0x00000001270fb000)]
=>0x00007fb38b80a000 JavaThread "AppKit Thread" daemon [_thread_in_native, id=1811, stack(0x00007fff59bbd000,0x00007fff5a3bd000)]
  0x00007fb38d800000 JavaThread "Service Thread" daemon [_thread_blocked, id=20739, stack(0x00000001253cc000,0x00000001254cc000)]
  0x00007fb38b81f800 JavaThread "C1 CompilerThread3" daemon [_thread_blocked, id=20227, stack(0x00000001252c9000,0x00000001253c9000)]
  0x00007fb38b81e800 JavaThread "C2 CompilerThread2" daemon [_thread_blocked, id=19715, stack(0x00000001251c6000,0x00000001252c6000)]
  0x00007fb38b81e000 JavaThread "C2 CompilerThread1" daemon [_thread_blocked, id=19203, stack(0x00000001250c3000,0x00000001251c3000)]
  0x00007fb38b01e000 JavaThread "C2 CompilerThread0" daemon [_thread_blocked, id=18691, stack(0x0000000124fc0000,0x00000001250c0000)]
  0x00007fb38b82e000 JavaThread "Signal Dispatcher" daemon [_thread_blocked, id=15379, stack(0x0000000124ebd000,0x0000000124fbd000)]
  0x00007fb38a865000 JavaThread "Finalizer" daemon [_thread_blocked, id=13571, stack(0x000000012349f000,0x000000012359f000)]
  0x00007fb38a864000 JavaThread "Reference Handler" daemon [_thread_blocked, id=13059, stack(0x000000012339c000,0x000000012349c000)]
  0x00007fb38b001000 JavaThread "main" [_thread_in_native, id=4867, stack(0x000000010791c000,0x0000000107a1c000)]

Other Threads:
  0x00007fb38a85f800 VMThread [stack: 0x0000000123299000,0x0000000123399000] [id=12547]
  0x00007fb38d801000 WatcherThread [stack: 0x00000001254cf000,0x00000001255cf000] [id=21251]

VM state:not at safepoint (normal execution)

VM Mutex/Monitor currently owned by a thread: None

Heap:
 PSYoungGen      total 76288K, used 13116K [0x000000076ab00000, 0x0000000770000000, 0x00000007c0000000)
  eden space 65536K, 20% used [0x000000076ab00000,0x000000076b7cf390,0x000000076eb00000)
  from space 10752K, 0% used [0x000000076f580000,0x000000076f580000,0x0000000770000000)
  to   space 10752K, 0% used [0x000000076eb00000,0x000000076eb00000,0x000000076f580000)
 ParOldGen       total 175104K, used 0K [0x00000006c0000000, 0x00000006cab00000, 0x000000076ab00000)
  object space 175104K, 0% used [0x00000006c0000000,0x00000006c0000000,0x00000006cab00000)
 Metaspace       used 7918K, capacity 8109K, committed 8320K, reserved 1056768K
  class space    used 800K, capacity 853K, committed 896K, reserved 1048576K

Card table byte_map: [0x0000000116dde000,0x00000001175df000] byte_map_base: 0x00000001137de000

Marking Bits: (ParMarkBitMap*) 0x000000010729c330
 Begin Bits: [0x000000011834d000, 0x000000011c34d000)
 End Bits:   [0x000000011c34d000, 0x000000012034d000)

Polling page: 0x000000010599a000

CodeCache: size=245760Kb used=3074Kb max_used=3074Kb free=242685Kb
 bounds [0x0000000107a1e000, 0x0000000107d2e000, 0x0000000116a1e000]
 total_blobs=1182 nmethods=783 adapters=314
 compilation: enabled

Compilation events (10 events):
Event: 55.392 Thread 0x00007fb38b81f800  779       3       java.nio.Bits::long6 (7 bytes)
Event: 55.392 Thread 0x00007fb38b81f800 nmethod 779 0x0000000107d1e9d0 code [0x0000000107d1eb20, 0x0000000107d1ec70]
Event: 55.392 Thread 0x00007fb38b81f800  780       3       java.nio.Bits::long5 (7 bytes)
Event: 55.392 Thread 0x00007fb38b81f800 nmethod 780 0x0000000107d1ecd0 code [0x0000000107d1ee20, 0x0000000107d1ef70]
Event: 55.392 Thread 0x00007fb38b81f800  781       3       java.nio.Bits::long4 (7 bytes)
Event: 55.392 Thread 0x00007fb38b81f800 nmethod 781 0x0000000107d1efd0 code [0x0000000107d1f120, 0x0000000107d1f270]
Event: 55.410 Thread 0x00007fb38b81f800  782       3       java.nio.Bits::getLongB (60 bytes)
Event: 55.411 Thread 0x00007fb38b81f800 nmethod 782 0x0000000107d1f2d0 code [0x0000000107d1f4c0, 0x0000000107d1fc88]
Event: 55.411 Thread 0x00007fb38b81f800  783       3       java.nio.Bits::makeLong (77 bytes)
Event: 55.411 Thread 0x00007fb38b81f800 nmethod 783 0x0000000107d1fe90 code [0x0000000107d1ffe0, 0x0000000107d201b0]

GC Heap History (0 events):
No events

Deoptimization events (0 events):
No events

Internal exceptions (10 events):
Event: 0.747 Thread 0x00007fb38b001000 Exception <a 'java/security/PrivilegedActionException'> (0x000000076b42ca38) thrown at [/HUDSON3/workspace/8-2-build-macosx-x86_64/jdk8u20/1074/hotspot/src/share/vm/prims/jvm.cpp, line 1275]
Event: 0.761 Thread 0x00007fb38b001000 Exception <a 'java/security/PrivilegedActionException'> (0x000000076b44fb50) thrown at [/HUDSON3/workspace/8-2-build-macosx-x86_64/jdk8u20/1074/hotspot/src/share/vm/prims/jvm.cpp, line 1275]
Event: 0.773 Thread 0x00007fb38b001000 Exception <a 'java/security/PrivilegedActionException'> (0x000000076b490b38) thrown at [/HUDSON3/workspace/8-2-build-macosx-x86_64/jdk8u20/1074/hotspot/src/share/vm/prims/jvm.cpp, line 1275]
Event: 0.782 Thread 0x00007fb38b001000 Exception <a 'java/security/PrivilegedActionException'> (0x000000076b4bba88) thrown at [/HUDSON3/workspace/8-2-build-macosx-x86_64/jdk8u20/1074/hotspot/src/share/vm/prims/jvm.cpp, line 1275]
Event: 0.784 Thread 0x00007fb38b001000 Exception <a 'java/security/PrivilegedActionException'> (0x000000076b4c7150) thrown at [/HUDSON3/workspace/8-2-build-macosx-x86_64/jdk8u20/1074/hotspot/src/share/vm/prims/jvm.cpp, line 1275]
Event: 0.829 Thread 0x00007fb38b001000 Exception <a 'java/security/PrivilegedActionException'> (0x000000076b5e84d8) thrown at [/HUDSON3/workspace/8-2-build-macosx-x86_64/jdk8u20/1074/hotspot/src/share/vm/prims/jvm.cpp, line 1275]
Event: 0.830 Thread 0x00007fb38b001000 Exception <a 'java/security/PrivilegedActionException'> (0x000000076b5f1d30) thrown at [/HUDSON3/workspace/8-2-build-macosx-x86_64/jdk8u20/1074/hotspot/src/share/vm/prims/jvm.cpp, line 1275]
Event: 0.830 Thread 0x00007fb38b001000 Exception <a 'java/security/PrivilegedActionException'> (0x000000076b5f40e0) thrown at [/HUDSON3/workspace/8-2-build-macosx-x86_64/jdk8u20/1074/hotspot/src/share/vm/prims/jvm.cpp, line 1275]
Event: 0.831 Thread 0x00007fb38b001000 Exception <a 'java/security/PrivilegedActionException'> (0x000000076b5f6288) thrown at [/HUDSON3/workspace/8-2-build-macosx-x86_64/jdk8u20/1074/hotspot/src/share/vm/prims/jvm.cpp, line 1275]
Event: 56.465 Thread 0x00007fb38b001000 Exception <a 'java/security/PrivilegedActionException'> (0x000000076b6ebf80) thrown at [/HUDSON3/workspace/8-2-build-macosx-x86_64/jdk8u20/1074/hotspot/src/share/vm/prims/jvm.cpp, line 1275]

Events (10 events):
Event: 0.830 loading class java/util/HashMap$KeySet
Event: 0.831 loading class java/util/HashMap$KeySet done
Event: 0.831 loading class java/util/HashMap$KeyIterator
Event: 0.831 loading class java/util/HashMap$KeyIterator done
Event: 0.831 loading class org/newdawn/slick/Music
Event: 0.831 loading class org/newdawn/slick/Music done
Event: 4.089 Executing VM operation: EnableBiasedLocking
Event: 4.089 Executing VM operation: EnableBiasedLocking done
Event: 56.465 loading class org/lwjgl/opengl/CallbackUtil
Event: 56.465 loading class org/lwjgl/opengl/CallbackUtil done


Dynamic libraries:
0x000000000c6a1000 	/System/Library/Frameworks/Cocoa.framework/Versions/A/Cocoa
0x000000000c6a1000 	/System/Library/Frameworks/Security.framework/Versions/A/Security
0x000000000c6a1000 	/System/Library/Frameworks/ApplicationServices.framework/Versions/A/ApplicationServices
0x000000000c6a1000 	/usr/lib/libz.1.dylib
0x000000000c6a1000 	/usr/lib/libSystem.B.dylib
0x000000000c6a1000 	/usr/lib/libobjc.A.dylib
0x000000000c6a1000 	/System/Library/Frameworks/CoreFoundation.framework/Versions/A/CoreFoundation
0x000000000c6a1000 	/System/Library/Frameworks/Foundation.framework/Versions/C/Foundation
0x000000000c6a1000 	/System/Library/Frameworks/AppKit.framework/Versions/C/AppKit
0x000000000c6a1000 	/System/Library/Frameworks/CoreData.framework/Versions/A/CoreData
0x000000000c6a1000 	/System/Library/PrivateFrameworks/RemoteViewServices.framework/Versions/A/RemoteViewServices
0x000000000c6a1000 	/System/Library/PrivateFrameworks/UIFoundation.framework/Versions/A/UIFoundation
0x000000000c6a1000 	/System/Library/Frameworks/IOSurface.framework/Versions/A/IOSurface
0x000000000c6a1000 	/System/Library/Frameworks/AudioToolbox.framework/Versions/A/AudioToolbox
0x000000000c6a1000 	/System/Library/Frameworks/AudioUnit.framework/Versions/A/AudioUnit
0x000000000c6a1000 	/System/Library/PrivateFrameworks/DataDetectorsCore.framework/Versions/A/DataDetectorsCore
0x000000000c6a1000 	/System/Library/PrivateFrameworks/DesktopServicesPriv.framework/Versions/A/DesktopServicesPriv
0x000000000c6a1000 	/System/Library/Frameworks/Carbon.framework/Versions/A/Frameworks/HIToolbox.framework/Versions/A/HIToolbox
0x000000000c6a1000 	/System/Library/Frameworks/QuartzCore.framework/Versions/A/QuartzCore
0x000000000c6a1000 	/System/Library/Frameworks/Carbon.framework/Versions/A/Frameworks/SpeechRecognition.framework/Versions/A/SpeechRecognition
0x000000000c6a1000 	/usr/lib/libauto.dylib
0x000000000c6a1000 	/usr/lib/libicucore.A.dylib
0x000000000c6a1000 	/usr/lib/libxml2.2.dylib
0x000000000c6a1000 	/System/Library/PrivateFrameworks/CoreUI.framework/Versions/A/CoreUI
0x000000000c6a1000 	/System/Library/Frameworks/CoreAudio.framework/Versions/A/CoreAudio
0x000000000c6a1000 	/System/Library/Frameworks/DiskArbitration.framework/Versions/A/DiskArbitration
0x000000000c6a1000 	/usr/lib/liblangid.dylib
0x000000000c6a1000 	/System/Library/PrivateFrameworks/MultitouchSupport.framework/Versions/A/MultitouchSupport
0x000000000c6a1000 	/System/Library/Frameworks/IOKit.framework/Versions/A/IOKit
0x000000000c6a1000 	/usr/lib/libDiagnosticMessagesClient.dylib
0x000000000c6a1000 	/System/Library/Frameworks/CoreServices.framework/Versions/A/CoreServices
0x000000000c6a1000 	/System/Library/PrivateFrameworks/PerformanceAnalysis.framework/Versions/A/PerformanceAnalysis
0x000000000c6a1000 	/System/Library/PrivateFrameworks/GenerationalStorage.framework/Versions/A/GenerationalStorage
0x000000000c6a1000 	/System/Library/Frameworks/OpenGL.framework/Versions/A/OpenGL
0x000000000c6a1000 	/System/Library/PrivateFrameworks/Sharing.framework/Versions/A/Sharing
0x000000000c6a1000 	/System/Library/Frameworks/CoreGraphics.framework/Versions/A/CoreGraphics
0x000000000c6a1000 	/System/Library/Frameworks/CoreText.framework/Versions/A/CoreText
0x000000000c6a1000 	/System/Library/Frameworks/ImageIO.framework/Versions/A/ImageIO
0x000000000c6a1000 	/usr/lib/libextension.dylib
0x000000000c6a1000 	/System/Library/PrivateFrameworks/Backup.framework/Versions/A/Backup
0x000000000c6a1000 	/usr/lib/libarchive.2.dylib
0x000000000c6a1000 	/System/Library/Frameworks/CFNetwork.framework/Versions/A/CFNetwork
0x000000000c6a1000 	/System/Library/Frameworks/SystemConfiguration.framework/Versions/A/SystemConfiguration
0x000000000c6a1000 	/usr/lib/libCRFSuite.dylib
0x000000000c6a1000 	/usr/lib/libc++.1.dylib
0x000000000c6a1000 	/usr/lib/libc++abi.dylib
0x000000000c6a1000 	/usr/lib/system/libcache.dylib
0x000000000c6a1000 	/usr/lib/system/libcommonCrypto.dylib
0x000000000c6a1000 	/usr/lib/system/libcompiler_rt.dylib
0x000000000c6a1000 	/usr/lib/system/libcopyfile.dylib
0x000000000c6a1000 	/usr/lib/system/libcorecrypto.dylib
0x000000000c6a1000 	/usr/lib/system/libdispatch.dylib
0x000000000c6a1000 	/usr/lib/system/libdyld.dylib
0x000000000c6a1000 	/usr/lib/system/libkeymgr.dylib
0x000000000c6a1000 	/usr/lib/system/liblaunch.dylib
0x000000000c6a1000 	/usr/lib/system/libmacho.dylib
0x000000000c6a1000 	/usr/lib/system/libquarantine.dylib
0x000000000c6a1000 	/usr/lib/system/libremovefile.dylib
0x000000000c6a1000 	/usr/lib/system/libsystem_asl.dylib
0x000000000c6a1000 	/usr/lib/system/libsystem_blocks.dylib
0x000000000c6a1000 	/usr/lib/system/libsystem_c.dylib
0x000000000c6a1000 	/usr/lib/system/libsystem_configuration.dylib
0x000000000c6a1000 	/usr/lib/system/libsystem_coreservices.dylib
0x000000000c6a1000 	/usr/lib/system/libsystem_coretls.dylib
0x000000000c6a1000 	/usr/lib/system/libsystem_dnssd.dylib
0x000000000c6a1000 	/usr/lib/system/libsystem_info.dylib
0x000000000c6a1000 	/usr/lib/system/libsystem_kernel.dylib
0x000000000c6a1000 	/usr/lib/system/libsystem_m.dylib
0x000000000c6a1000 	/usr/lib/system/libsystem_malloc.dylib
0x000000000c6a1000 	/usr/lib/system/libsystem_network.dylib
0x000000000c6a1000 	/usr/lib/system/libsystem_networkextension.dylib
0x000000000c6a1000 	/usr/lib/system/libsystem_notify.dylib
0x000000000c6a1000 	/usr/lib/system/libsystem_platform.dylib
0x000000000c6a1000 	/usr/lib/system/libsystem_pthread.dylib
0x000000000c6a1000 	/usr/lib/system/libsystem_sandbox.dylib
0x000000000c6a1000 	/usr/lib/system/libsystem_secinit.dylib
0x000000000c6a1000 	/usr/lib/system/libsystem_stats.dylib
0x000000000c6a1000 	/usr/lib/system/libsystem_trace.dylib
0x000000000c6a1000 	/usr/lib/system/libunc.dylib
0x000000000c6a1000 	/usr/lib/system/libunwind.dylib
0x000000000c6a1000 	/usr/lib/system/libxpc.dylib
0x000000000c6a1000 	/usr/lib/libbz2.1.0.dylib
0x000000000c6a1000 	/usr/lib/liblzma.5.dylib
0x000000000c6a1000 	/usr/lib/libbsm.0.dylib
0x000000000c6a1000 	/usr/lib/libsqlite3.dylib
0x000000000c6a1000 	/usr/lib/system/libkxld.dylib
0x000000000c6a1000 	/usr/lib/libxar.1.dylib
0x000000000c6a1000 	/usr/lib/libpam.2.dylib
0x000000000c6a1000 	/usr/lib/libOpenScriptingUtil.dylib
0x000000000c6a1000 	/System/Library/Frameworks/CoreServices.framework/Versions/A/Frameworks/FSEvents.framework/Versions/A/FSEvents
0x000000000c6a1000 	/System/Library/Frameworks/CoreServices.framework/Versions/A/Frameworks/CarbonCore.framework/Versions/A/CarbonCore
0x000000000c6a1000 	/System/Library/Frameworks/CoreServices.framework/Versions/A/Frameworks/Metadata.framework/Versions/A/Metadata
0x000000000c6a1000 	/System/Library/Frameworks/CoreServices.framework/Versions/A/Frameworks/OSServices.framework/Versions/A/OSServices
0x000000000c6a1000 	/System/Library/Frameworks/CoreServices.framework/Versions/A/Frameworks/SearchKit.framework/Versions/A/SearchKit
0x000000000c6a1000 	/System/Library/Frameworks/CoreServices.framework/Versions/A/Frameworks/AE.framework/Versions/A/AE
0x000000000c6a1000 	/System/Library/Frameworks/CoreServices.framework/Versions/A/Frameworks/LaunchServices.framework/Versions/A/LaunchServices
0x000000000c6a1000 	/System/Library/Frameworks/CoreServices.framework/Versions/A/Frameworks/DictionaryServices.framework/Versions/A/DictionaryServices
0x000000000c6a1000 	/System/Library/Frameworks/NetFS.framework/Versions/A/NetFS
0x000000000c6a1000 	/System/Library/PrivateFrameworks/NetAuth.framework/Versions/A/NetAuth
0x000000000c6a1000 	/System/Library/PrivateFrameworks/login.framework/Versions/A/Frameworks/loginsupport.framework/Versions/A/loginsupport
0x000000000c6a1000 	/System/Library/PrivateFrameworks/TCC.framework/Versions/A/TCC
0x000000000c6a1000 	/usr/lib/libmecabra.dylib
0x000000000c6a1000 	/System/Library/Frameworks/ApplicationServices.framework/Versions/A/Frameworks/ATS.framework/Versions/A/ATS
0x000000000c6a1000 	/System/Library/Frameworks/ApplicationServices.framework/Versions/A/Frameworks/ColorSync.framework/Versions/A/ColorSync
0x000000000c6a1000 	/System/Library/Frameworks/ApplicationServices.framework/Versions/A/Frameworks/HIServices.framework/Versions/A/HIServices
0x000000000c6a1000 	/System/Library/Frameworks/ApplicationServices.framework/Versions/A/Frameworks/LangAnalysis.framework/Versions/A/LangAnalysis
0x000000000c6a1000 	/System/Library/Frameworks/ApplicationServices.framework/Versions/A/Frameworks/PrintCore.framework/Versions/A/PrintCore
0x000000000c6a1000 	/System/Library/Frameworks/ApplicationServices.framework/Versions/A/Frameworks/QD.framework/Versions/A/QD
0x000000000c6a1000 	/System/Library/Frameworks/ApplicationServices.framework/Versions/A/Frameworks/SpeechSynthesis.framework/Versions/A/SpeechSynthesis
0x000000000c6a1000 	/System/Library/Frameworks/Accelerate.framework/Versions/A/Accelerate
0x000000000c6a1000 	/System/Library/Frameworks/Accelerate.framework/Versions/A/Frameworks/vImage.framework/Versions/A/vImage
0x000000000c6a1000 	/System/Library/Frameworks/Accelerate.framework/Versions/A/Frameworks/vecLib.framework/Versions/A/vecLib
0x000000000c6a1000 	/System/Library/Frameworks/Accelerate.framework/Versions/A/Frameworks/vecLib.framework/Versions/A/libvDSP.dylib
0x000000000c6a1000 	/System/Library/Frameworks/Accelerate.framework/Versions/A/Frameworks/vecLib.framework/Versions/A/libvMisc.dylib
0x000000000c6a1000 	/System/Library/Frameworks/Accelerate.framework/Versions/A/Frameworks/vecLib.framework/Versions/A/libLAPACK.dylib
0x000000000c6a1000 	/System/Library/Frameworks/Accelerate.framework/Versions/A/Frameworks/vecLib.framework/Versions/A/libBLAS.dylib
0x000000000c6a1000 	/System/Library/Frameworks/Accelerate.framework/Versions/A/Frameworks/vecLib.framework/Versions/A/libLinearAlgebra.dylib
0x000000000c6a1000 	/System/Library/Frameworks/ApplicationServices.framework/Versions/A/Frameworks/ATS.framework/Versions/A/Resources/libFontParser.dylib
0x000000000c6a1000 	/System/Library/Frameworks/ApplicationServices.framework/Versions/A/Frameworks/ATS.framework/Versions/A/Resources/libFontRegistry.dylib
0x000000000c6a1000 	/System/Library/PrivateFrameworks/AppleVPA.framework/Versions/A/AppleVPA
0x000000000c6a1000 	/System/Library/PrivateFrameworks/AppleJPEG.framework/Versions/A/AppleJPEG
0x000000000c6a1000 	/System/Library/Frameworks/ImageIO.framework/Versions/A/Resources/libJPEG.dylib
0x000000000c6a1000 	/System/Library/Frameworks/ImageIO.framework/Versions/A/Resources/libTIFF.dylib
0x000000000c6a1000 	/System/Library/Frameworks/ImageIO.framework/Versions/A/Resources/libPng.dylib
0x000000000c6a1000 	/System/Library/Frameworks/ImageIO.framework/Versions/A/Resources/libGIF.dylib
0x000000000c6a1000 	/System/Library/Frameworks/ImageIO.framework/Versions/A/Resources/libJP2.dylib
0x000000000c6a1000 	/System/Library/Frameworks/ImageIO.framework/Versions/A/Resources/libRadiance.dylib
0x000000000c6a1000 	/System/Library/Frameworks/CoreVideo.framework/Versions/A/CoreVideo
0x000000000c6a1000 	/System/Library/Frameworks/OpenGL.framework/Versions/A/Libraries/libGLU.dylib
0x000000000c6a1000 	/System/Library/Frameworks/OpenGL.framework/Versions/A/Libraries/libGFXShared.dylib
0x000000000c6a1000 	/System/Library/Frameworks/OpenGL.framework/Versions/A/Libraries/libGL.dylib
0x000000000c6a1000 	/System/Library/Frameworks/OpenGL.framework/Versions/A/Libraries/libGLImage.dylib
0x000000000c6a1000 	/System/Library/Frameworks/OpenGL.framework/Versions/A/Libraries/libCVMSPluginSupport.dylib
0x000000000c6a1000 	/System/Library/Frameworks/OpenGL.framework/Versions/A/Libraries/libCoreVMClient.dylib
0x000000000c6a1000 	/usr/lib/libcups.2.dylib
0x000000000c6a1000 	/System/Library/Frameworks/Kerberos.framework/Versions/A/Kerberos
0x000000000c6a1000 	/System/Library/Frameworks/GSS.framework/Versions/A/GSS
0x000000000c6a1000 	/usr/lib/libresolv.9.dylib
0x000000000c6a1000 	/usr/lib/libiconv.2.dylib
0x000000000c6a1000 	/System/Library/PrivateFrameworks/Heimdal.framework/Versions/A/Heimdal
0x000000000c6a1000 	/usr/lib/libheimdal-asn1.dylib
0x000000000c6a1000 	/System/Library/Frameworks/OpenDirectory.framework/Versions/A/OpenDirectory
0x000000000c6a1000 	/System/Library/PrivateFrameworks/CommonAuth.framework/Versions/A/CommonAuth
0x000000000c6a1000 	/System/Library/Frameworks/OpenDirectory.framework/Versions/A/Frameworks/CFOpenDirectory.framework/Versions/A/CFOpenDirectory
0x000000000c6a1000 	/System/Library/Frameworks/SecurityFoundation.framework/Versions/A/SecurityFoundation
0x000000000c6a1000 	/System/Library/PrivateFrameworks/LanguageModeling.framework/Versions/A/LanguageModeling
0x000000000c6a1000 	/usr/lib/libcmph.dylib
0x000000000c6a1000 	/System/Library/Frameworks/ServiceManagement.framework/Versions/A/ServiceManagement
0x000000000c6a1000 	/usr/lib/libxslt.1.dylib
0x000000000c6a1000 	/System/Library/Frameworks/Carbon.framework/Versions/A/Frameworks/Ink.framework/Versions/A/Ink
0x000000000c6a1000 	/System/Library/Frameworks/QuartzCore.framework/Versions/A/Frameworks/CoreImage.framework/Versions/A/CoreImage
0x000000000c6a1000 	/System/Library/PrivateFrameworks/CrashReporterSupport.framework/Versions/A/CrashReporterSupport
0x000000000c6a1000 	/System/Library/Frameworks/OpenCL.framework/Versions/A/OpenCL
0x000000000c6a1000 	/System/Library/PrivateFrameworks/FaceCore.framework/Versions/A/FaceCore
0x000000000c6a1000 	/System/Library/PrivateFrameworks/Ubiquity.framework/Versions/A/Ubiquity
0x000000000c6a1000 	/System/Library/PrivateFrameworks/IconServices.framework/Versions/A/IconServices
0x000000000c6a1000 	/System/Library/PrivateFrameworks/ChunkingLibrary.framework/Versions/A/ChunkingLibrary
0x000000000c6a1000 	/System/Library/PrivateFrameworks/Apple80211.framework/Versions/A/Apple80211
0x000000000c6a1000 	/System/Library/Frameworks/CoreWLAN.framework/Versions/A/CoreWLAN
0x000000000c6a1000 	/System/Library/Frameworks/IOBluetooth.framework/Versions/A/IOBluetooth
0x000000000c6a1000 	/System/Library/PrivateFrameworks/CoreWiFi.framework/Versions/A/CoreWiFi
0x000000000c6a1000 	/System/Library/Frameworks/CoreBluetooth.framework/Versions/A/CoreBluetooth
0x000000000c6a1000 	/System/Library/PrivateFrameworks/DebugSymbols.framework/Versions/A/DebugSymbols
0x000000000c6a1000 	/System/Library/PrivateFrameworks/CoreSymbolication.framework/Versions/A/CoreSymbolication
0x000000000c6a1000 	/System/Library/PrivateFrameworks/Symbolication.framework/Versions/A/Symbolication
0x000000000c6a1000 	/System/Library/PrivateFrameworks/SpeechRecognitionCore.framework/Versions/A/SpeechRecognitionCore
0x0000000106a00000 	/Library/Java/JavaVirtualMachines/jdk1.8.0_20.jdk/Contents/Home/jre/lib/server/libjvm.dylib
0x000000000c6a1000 	/usr/lib/libstdc++.6.dylib
0x0000000105958000 	/Library/Java/JavaVirtualMachines/jdk1.8.0_20.jdk/Contents/Home/jre/lib/libverify.dylib
0x0000000105966000 	/Library/Java/JavaVirtualMachines/jdk1.8.0_20.jdk/Contents/Home/jre/lib/libjava.dylib
0x00000001059a4000 	/Library/Java/JavaVirtualMachines/jdk1.8.0_20.jdk/Contents/Home/jre/lib/libzip.dylib
0x00000001235a1000 	/System/Library/Frameworks/JavaVM.framework/Frameworks/JavaRuntimeSupport.framework/JavaRuntimeSupport
0x00000001235b7000 	/System/Library/Frameworks/JavaVM.framework/Versions/A/Frameworks/JavaNativeFoundation.framework/Versions/A/JavaNativeFoundation
0x00000001235cb000 	/System/Library/Frameworks/JavaVM.framework/Versions/A/JavaVM
0x000000000c6a1000 	/System/Library/Frameworks/Carbon.framework/Versions/A/Carbon
0x00000001235d7000 	/System/Library/PrivateFrameworks/JavaLaunching.framework/Versions/A/JavaLaunching
0x000000000c6a1000 	/System/Library/Frameworks/Carbon.framework/Versions/A/Frameworks/CommonPanels.framework/Versions/A/CommonPanels
0x000000000c6a1000 	/System/Library/Frameworks/Carbon.framework/Versions/A/Frameworks/Help.framework/Versions/A/Help
0x000000000c6a1000 	/System/Library/Frameworks/Carbon.framework/Versions/A/Frameworks/ImageCapture.framework/Versions/A/ImageCapture
0x000000000c6a1000 	/System/Library/Frameworks/Carbon.framework/Versions/A/Frameworks/OpenScripting.framework/Versions/A/OpenScripting
0x000000000c6a1000 	/System/Library/Frameworks/Carbon.framework/Versions/A/Frameworks/Print.framework/Versions/A/Print
0x000000000c6a1000 	/System/Library/Frameworks/Carbon.framework/Versions/A/Frameworks/SecurityHI.framework/Versions/A/SecurityHI
0x00000001255ec000 	/Library/Java/JavaVirtualMachines/jdk1.8.0_20.jdk/Contents/Home/jre/lib/libawt.dylib
0x000000012569b000 	/Library/Java/JavaVirtualMachines/jdk1.8.0_20.jdk/Contents/Home/jre/lib/./libmlib_image.dylib
0x0000000125767000 	/Library/Java/JavaVirtualMachines/jdk1.8.0_20.jdk/Contents/Home/jre/lib/libawt_lwawt.dylib
0x000000012581a000 	/Library/Java/JavaVirtualMachines/jdk1.8.0_20.jdk/Contents/Home/jre/lib/./libosxapp.dylib
0x000000000c6a1000 	/System/Library/Frameworks/ExceptionHandling.framework/Versions/A/ExceptionHandling
0x000000000c6a1000 	/System/Library/PrivateFrameworks/CoreServicesInternal.framework/Versions/A/CoreServicesInternal
0x000000000c6a1000 	/System/Library/PrivateFrameworks/CloudDocs.framework/Versions/A/CloudDocs
0x000000000c6a1000 	/System/Library/PrivateFrameworks/CoreDuet.framework/Versions/A/CoreDuet
0x000000000c6a1000 	/System/Library/Frameworks/CloudKit.framework/Versions/A/CloudKit
0x000000000c6a1000 	/System/Library/PrivateFrameworks/ProtocolBuffer.framework/Versions/A/ProtocolBuffer
0x000000000c6a1000 	/System/Library/PrivateFrameworks/CoreDuetDaemonProtocol.framework/Versions/A/CoreDuetDaemonProtocol
0x000000000c6a1000 	/System/Library/PrivateFrameworks/CoreDuetDebugLogging.framework/Versions/A/CoreDuetDebugLogging
0x000000000c6a1000 	/System/Library/PrivateFrameworks/MMCS.framework/Versions/A/MMCS
0x000000000c6a1000 	/System/Library/Frameworks/CoreLocation.framework/Versions/A/CoreLocation
0x000000000c6a1000 	/System/Library/PrivateFrameworks/ProtectedCloudStorage.framework/Versions/A/ProtectedCloudStorage
0x000000000c6a1000 	/System/Library/PrivateFrameworks/GeoServices.framework/Versions/A/GeoServices
0x000000000c6a1000 	/System/Library/Frameworks/CoreGraphics.framework/Versions/A/Resources/libCGCMS.A.dylib
0x000000000c6a1000 	/System/Library/Frameworks/CoreGraphics.framework/Versions/A/Resources/libRIP.A.dylib
0x000000000c6a1000 	/System/Library/CoreServices/RawCamera.bundle/Contents/MacOS/RawCamera
0x000000000c6a1000 	/System/Library/Frameworks/CoreGraphics.framework/Versions/A/Resources/libCGXType.A.dylib
0x000000000c6a1000 	/System/Library/Frameworks/OpenCL.framework/Versions/A/Libraries/libcldcpuengine.dylib
0x000000000c6a1000 	/System/Library/PrivateFrameworks/DiskImages.framework/Versions/A/DiskImages
0x000000000c6a1000 	/System/Library/Frameworks/DiscRecording.framework/Versions/A/DiscRecording
0x000000000c6a1000 	/usr/lib/libcsfde.dylib
0x000000000c6a1000 	/usr/lib/libcurl.4.dylib
0x000000000c6a1000 	/System/Library/PrivateFrameworks/MediaKit.framework/Versions/A/MediaKit
0x000000000c6a1000 	/usr/lib/libCoreStorage.dylib
0x000000000c6a1000 	/System/Library/PrivateFrameworks/EFILogin.framework/Versions/A/EFILogin
0x000000000c6a1000 	/usr/lib/libutil.dylib
0x000000000c6a1000 	/System/Library/PrivateFrameworks/FindMyDevice.framework/Versions/A/FindMyDevice
0x000000000c6a1000 	/System/Library/Frameworks/LDAP.framework/Versions/A/LDAP
0x000000000c6a1000 	/usr/lib/libsasl2.2.dylib
0x000000000c6a1000 	/System/Library/PrivateFrameworks/CoreDaemon.framework/Versions/B/CoreDaemon
0x000000000c6a1000 	/usr/lib/libcrypto.0.9.8.dylib
0x000000000c6a1000 	/System/Library/PrivateFrameworks/AppleSRP.framework/Versions/A/AppleSRP
0x000000000c6a1000 	/System/Library/PrivateFrameworks/TrustEvaluationAgent.framework/Versions/A/TrustEvaluationAgent
0x0000000128b4a000 	cl_kernels
0x0000000128b4c000 	/System/Library/Frameworks/OpenCL.framework/Versions/A/Libraries/ImageFormats/unorm8_bgra.dylib
0x0000000128b3c000 	cl_kernels
0x000000000c6a1000 	/System/Library/PrivateFrameworks/FamilyControls.framework/Versions/A/FamilyControls
0x000000000c6a1000 	/System/Library/PrivateFrameworks/CommerceKit.framework/Versions/A/Frameworks/CommerceCore.framework/Versions/A/CommerceCore
0x000000000c6a1000 	/System/Library/PrivateFrameworks/SystemAdministration.framework/Versions/A/SystemAdministration
0x000000000c6a1000 	/System/Library/PrivateFrameworks/AppContainer.framework/Versions/A/AppContainer
0x000000000c6a1000 	/System/Library/PrivateFrameworks/SecCodeWrapper.framework/Versions/A/SecCodeWrapper
0x000000000c6a1000 	/System/Library/Frameworks/DirectoryService.framework/Versions/A/DirectoryService
0x000000000c6a1000 	/System/Library/PrivateFrameworks/LoginUIKit.framework/Versions/A/Frameworks/LoginUICore.framework/Versions/A/LoginUICore
0x000000000c6a1000 	/usr/lib/libodfde.dylib
0x0000000129f74000 	/Library/Java/JavaVirtualMachines/jdk1.8.0_20.jdk/Contents/Home/jre/lib/libfontmanager.dylib
0x0000000129fda000 	/Users/TG9527/Desktop/workspace/proj1/lib/liblwjgl.dylib
0x0000000127fa7000 	/Library/Java/JavaVirtualMachines/jdk1.8.0_20.jdk/Contents/Home/jre/lib/libjawt.dylib
0x000000000c6a1000 	/System/Library/Frameworks/OpenGL.framework/Versions/A/Resources/GLEngine.bundle/GLEngine
0x000000000c6a1000 	/System/Library/Frameworks/OpenGL.framework/Versions/A/Libraries/libGLProgrammability.dylib
0x000000012a066000 	/System/Library/Extensions/AppleIntelHD5000GraphicsGLDriver.bundle/Contents/MacOS/AppleIntelHD5000GraphicsGLDriver
0x000000000c6a1000 	/System/Library/PrivateFrameworks/IOAccelerator.framework/Versions/A/IOAccelerator
0x000000000c6a1000 	/System/Library/PrivateFrameworks/GPUSupport.framework/Versions/A/Libraries/libGPUSupportMercury.dylib
0x0000000000000000 	/System/Library/Extensions/GeForceGLDriver.bundle/Contents/MacOS/GeForceGLDriver
0x000000000c6a1000 	/System/Library/Extensions/GeForceGLDriver.bundle/Contents/MacOS/libclh.dylib
0x000000000c6a1000 	/System/Library/Frameworks/OpenGL.framework/Versions/A/Resources/GLRendererFloat.bundle/GLRendererFloat

VM Arguments:
jvm_args: -Djava.library.path=/Users/TG9527/Desktop/workspace/proj1/lib -Dfile.encoding=UTF-8 
java_command: Game
java_class_path (initial): /Users/TG9527/Desktop/workspace/proj1/bin:/Users/TG9527/Desktop/workspace/proj1/lib/lwjgl.jar:/Users/TG9527/Desktop/workspace/proj1/lib/slick.jar
Launcher Type: SUN_STANDARD

Environment Variables:
PATH=/usr/bin:/bin:/usr/sbin:/sbin
SHELL=/bin/bash
DISPLAY=/private/tmp/com.apple.launchd.d8jHfy1R7H/org.macosforge.xquartz:0

Signal Handlers:
SIGSEGV: [libjvm.dylib+0x578fd7], sa_mask[0]=11111111011111110111111111111111, sa_flags=SA_ONSTACK|SA_RESTART|SA_SIGINFO
SIGBUS: [libjvm.dylib+0x578fd7], sa_mask[0]=11111111011111110111111111111111, sa_flags=SA_RESTART|SA_SIGINFO
SIGFPE: [libjvm.dylib+0x45ab0c], sa_mask[0]=11111111011111110111111111111111, sa_flags=SA_RESTART|SA_SIGINFO
SIGPIPE: [libjvm.dylib+0x45ab0c], sa_mask[0]=11111111011111110111111111111111, sa_flags=SA_RESTART|SA_SIGINFO
SIGXFSZ: [libjvm.dylib+0x45ab0c], sa_mask[0]=11111111011111110111111111111111, sa_flags=SA_RESTART|SA_SIGINFO
SIGILL: [libjvm.dylib+0x45ab0c], sa_mask[0]=11111111011111110111111111111111, sa_flags=SA_RESTART|SA_SIGINFO
SIGUSR1: SIG_DFL, sa_mask[0]=00000000000000000000000000000000, sa_flags=none
SIGUSR2: [libjvm.dylib+0x45a62a], sa_mask[0]=00100000000000000000000000000000, sa_flags=SA_RESTART|SA_SIGINFO
SIGHUP: [libjvm.dylib+0x458bfd], sa_mask[0]=11111111011111110111111111111111, sa_flags=SA_RESTART|SA_SIGINFO
SIGINT: [libjvm.dylib+0x458bfd], sa_mask[0]=11111111011111110111111111111111, sa_flags=SA_RESTART|SA_SIGINFO
SIGTERM: [libjvm.dylib+0x458bfd], sa_mask[0]=11111111011111110111111111111111, sa_flags=SA_RESTART|SA_SIGINFO
SIGQUIT: [libjvm.dylib+0x458bfd], sa_mask[0]=11111111011111110111111111111111, sa_flags=SA_RESTART|SA_SIGINFO


---------------  S Y S T E M  ---------------

OS:Bsduname:Darwin 14.5.0 Darwin Kernel Version 14.5.0: Wed Jul 29 02:26:53 PDT 2015; root:xnu-2782.40.9~1/RELEASE_X86_64 x86_64
rlimit: STACK 8192k, CORE 0k, NPROC 709, NOFILE 10240, AS infinity
load average:1.34 1.34 1.38

CPU:total 8 (4 cores per cpu, 2 threads per core) family 6 model 70 stepping 1, cmov, cx8, fxsr, mmx, sse, sse2, sse3, ssse3, sse4.1, sse4.2, popcnt, avx, avx2, aes, clmul, erms, rtm, lzcnt, ht, tsc, tscinvbit, bmi1, bmi2

Memory: 4k page, physical 16777216k(1692596k free)

/proc/meminfo:


vm_info: Java HotSpot(TM) 64-Bit Server VM (25.20-b23) for bsd-amd64 JRE (1.8.0_20-b26), built on Jul 30 2014 13:37:47 by "java_re" with gcc 4.2.1 (Based on Apple Inc. build 5658) (LLVM build 2336.9.00)

time: Mon Sep  7 15:45:58 2015
elapsed time: 56 seconds (0d 0h 0m 56s)

